105.04.03 17:45 B D:\Uaeproperty\Mobiles\Masters\addManuf.asp <-- uae /Mobiles/Masters addManuf.asp
105.04.03 17:45 B D:\Uaeproperty\Mobiles\Masters\Display.asp <-- uae /Mobiles/Masters Display.asp
105.04.03 17:45 B D:\Uaeproperty\Mobiles\Masters\DispTypeInfo.asp <-- uae /Mobiles/Masters DispTypeInfo.asp
105.04.03 17:45 B D:\Uaeproperty\Mobiles\Masters\EditDisplayType.asp <-- uae /Mobiles/Masters EditDisplayType.asp
105.04.03 17:45 B D:\Uaeproperty\Mobiles\Masters\EditManufacturer.asp <-- uae /Mobiles/Masters EditManufacturer.asp
105.04.03 17:45 B D:\Uaeproperty\Mobiles\Masters\EditNetwork.asp <-- uae /Mobiles/Masters EditNetwork.asp
105.04.03 17:45 B D:\Uaeproperty\Mobiles\Masters\EditRingtone.asp <-- uae /Mobiles/Masters EditRingtone.asp
105.04.03 17:45 B D:\Uaeproperty\Mobiles\Masters\Manufacturer.asp <-- uae /Mobiles/Masters Manufacturer.asp
105.04.03 17:45 B D:\Uaeproperty\Mobiles\Masters\ManufacturerInfo.asp <-- uae /Mobiles/Masters ManufacturerInfo.asp
105.04.03 17:45 B D:\Uaeproperty\Mobiles\Masters\MastersLeft.asp <-- uae /Mobiles/Masters MastersLeft.asp
105.04.03 17:45 B D:\Uaeproperty\Mobiles\Masters\MastersMain.asp <-- uae /Mobiles/Masters MastersMain.asp
105.04.03 17:45 B D:\Uaeproperty\Mobiles\Masters\MastersTop.asp <-- uae /Mobiles/Masters MastersTop.asp
105.04.03 17:45 B D:\Uaeproperty\Mobiles\Masters\Network.asp <-- uae /Mobiles/Masters Network.asp
105.04.03 17:45 B D:\Uaeproperty\Mobiles\Masters\NetworkTypeInfo.asp <-- uae /Mobiles/Masters NetworkTypeInfo.asp
105.04.03 17:45 B D:\Uaeproperty\Mobiles\Masters\NewDisplayType.asp <-- uae /Mobiles/Masters NewDisplayType.asp
105.04.03 17:45 B D:\Uaeproperty\Mobiles\Masters\newManufacturer.asp <-- uae /Mobiles/Masters newManufacturer.asp
105.04.03 17:45 B D:\Uaeproperty\Mobiles\Masters\NewNetwork.asp <-- uae /Mobiles/Masters NewNetwork.asp
105.04.03 17:45 B D:\Uaeproperty\Mobiles\Masters\NewRingtone.asp <-- uae /Mobiles/Masters NewRingtone.asp
105.04.03 17:45 B D:\Uaeproperty\Mobiles\Masters\Ringtone.asp <-- uae /Mobiles/Masters Ringtone.asp
105.04.03 17:45 B D:\Uaeproperty\Mobiles\Masters\RingtoneInfo.asp <-- uae /Mobiles/Masters RingtoneInfo.asp
105.04.03 17:45 B D:\Uaeproperty\Mobiles\Masters\UpdateImage.asp <-- uae /Mobiles/Masters UpdateImage.asp
105.04.03 17:45 B D:\Uaeproperty\Mobiles\Masters\ViewImage.asp <-- uae /Mobiles/Masters ViewImage.asp
105.04.20 08:29 B F:\CD\Uaeproperty03-04-05\Mobiles\Masters\addManuf.asp --> uaeproperty.com /uaeproperty_main/uaeproperty.com/www/Mobiles/Masters addManuf.asp
105.04.20 08:29 B F:\CD\Uaeproperty03-04-05\Mobiles\Masters\Display.asp --> uaeproperty.com /uaeproperty_main/uaeproperty.com/www/Mobiles/Masters Display.asp
105.04.20 08:29 B F:\CD\Uaeproperty03-04-05\Mobiles\Masters\DispTypeInfo.asp --> uaeproperty.com /uaeproperty_main/uaeproperty.com/www/Mobiles/Masters DispTypeInfo.asp
105.04.20 08:30 B F:\CD\Uaeproperty03-04-05\Mobiles\Masters\EditDisplayType.asp --> uaeproperty.com /uaeproperty_main/uaeproperty.com/www/Mobiles/Masters EditDisplayType.asp
105.04.20 08:30 B F:\CD\Uaeproperty03-04-05\Mobiles\Masters\EditManufacturer.asp --> uaeproperty.com /uaeproperty_main/uaeproperty.com/www/Mobiles/Masters EditManufacturer.asp
105.04.20 08:30 B F:\CD\Uaeproperty03-04-05\Mobiles\Masters\EditNetwork.asp --> uaeproperty.com /uaeproperty_main/uaeproperty.com/www/Mobiles/Masters EditNetwork.asp
105.04.20 08:30 B F:\CD\Uaeproperty03-04-05\Mobiles\Masters\EditRingtone.asp --> uaeproperty.com /uaeproperty_main/uaeproperty.com/www/Mobiles/Masters EditRingtone.asp
105.04.20 08:30 B F:\CD\Uaeproperty03-04-05\Mobiles\Masters\Manufacturer.asp --> uaeproperty.com /uaeproperty_main/uaeproperty.com/www/Mobiles/Masters Manufacturer.asp
105.04.20 08:30 B F:\CD\Uaeproperty03-04-05\Mobiles\Masters\ManufacturerInfo.asp --> uaeproperty.com /uaeproperty_main/uaeproperty.com/www/Mobiles/Masters ManufacturerInfo.asp
105.04.20 08:30 B F:\CD\Uaeproperty03-04-05\Mobiles\Masters\MastersLeft.asp --> uaeproperty.com /uaeproperty_main/uaeproperty.com/www/Mobiles/Masters MastersLeft.asp
105.04.20 08:30 B F:\CD\Uaeproperty03-04-05\Mobiles\Masters\MastersMain.asp --> uaeproperty.com /uaeproperty_main/uaeproperty.com/www/Mobiles/Masters MastersMain.asp
105.04.20 08:30 B F:\CD\Uaeproperty03-04-05\Mobiles\Masters\MastersTop.asp --> uaeproperty.com /uaeproperty_main/uaeproperty.com/www/Mobiles/Masters MastersTop.asp
105.04.20 08:30 B F:\CD\Uaeproperty03-04-05\Mobiles\Masters\Network.asp --> uaeproperty.com /uaeproperty_main/uaeproperty.com/www/Mobiles/Masters Network.asp
105.04.20 08:30 B F:\CD\Uaeproperty03-04-05\Mobiles\Masters\NetworkTypeInfo.asp --> uaeproperty.com /uaeproperty_main/uaeproperty.com/www/Mobiles/Masters NetworkTypeInfo.asp
105.04.20 08:30 B F:\CD\Uaeproperty03-04-05\Mobiles\Masters\NewDisplayType.asp --> uaeproperty.com /uaeproperty_main/uaeproperty.com/www/Mobiles/Masters NewDisplayType.asp
105.04.20 08:30 B F:\CD\Uaeproperty03-04-05\Mobiles\Masters\newManufacturer.asp --> uaeproperty.com /uaeproperty_main/uaeproperty.com/www/Mobiles/Masters newManufacturer.asp
105.04.20 08:30 B F:\CD\Uaeproperty03-04-05\Mobiles\Masters\NewNetwork.asp --> uaeproperty.com /uaeproperty_main/uaeproperty.com/www/Mobiles/Masters NewNetwork.asp
105.04.20 08:30 B F:\CD\Uaeproperty03-04-05\Mobiles\Masters\NewRingtone.asp --> uaeproperty.com /uaeproperty_main/uaeproperty.com/www/Mobiles/Masters NewRingtone.asp
105.04.20 08:30 B F:\CD\Uaeproperty03-04-05\Mobiles\Masters\Ringtone.asp --> uaeproperty.com /uaeproperty_main/uaeproperty.com/www/Mobiles/Masters Ringtone.asp
105.04.20 08:30 B F:\CD\Uaeproperty03-04-05\Mobiles\Masters\RingtoneInfo.asp --> uaeproperty.com /uaeproperty_main/uaeproperty.com/www/Mobiles/Masters RingtoneInfo.asp
105.04.20 08:30 B F:\CD\Uaeproperty03-04-05\Mobiles\Masters\UpdateImage.asp --> uaeproperty.com /uaeproperty_main/uaeproperty.com/www/Mobiles/Masters UpdateImage.asp
105.04.20 08:30 B F:\CD\Uaeproperty03-04-05\Mobiles\Masters\ViewImage.asp --> uaeproperty.com /uaeproperty_main/uaeproperty.com/www/Mobiles/Masters ViewImage.asp
105.09.08 12:51 B D:\UaeProp080905\Mobiles\Masters\WS_FTP.LOG <-- uae /uaeproperty_main/uaeproperty.com/www/Mobiles/Masters WS_FTP.LOG
