104.06.17 14:51 B D:\UAE\Global\dsnSource.asp --> uaeproperty.com /Global dsnSource.asp
104.06.17 14:51 B D:\UAE\Global\Loader.asp --> uaeproperty.com /Global Loader.asp
104.06.17 14:51 B D:\UAE\Global\Subs.js --> uaeproperty.com /Global Subs.js
104.06.17 14:51 B D:\UAE\Global\valid.js --> uaeproperty.com /Global valid.js
104.06.17 15:06 B D:\UAE\Global\dsnSource.asp --> uaeproperty.com /test/Global dsnSource.asp
104.06.17 15:06 B D:\UAE\Global\Loader.asp --> uaeproperty.com /test/Global Loader.asp
104.06.17 15:06 B D:\UAE\Global\Subs.js --> uaeproperty.com /test/Global Subs.js
104.06.17 15:06 B D:\UAE\Global\valid.js --> uaeproperty.com /test/Global valid.js
104.06.17 15:06 B D:\UAE\Global\WS_FTP.LOG --> uaeproperty.com /test/Global WS_FTP.LOG
104.06.24 16:54 B D:\UAE\Global\valid.js --> uaeproperty.com /test/Global valid.js
104.06.29 22:31 B D:\ASP-Project-6\uae6\Global\dsnSource.asp --> uaeproperty.com /test/Global dsnSource.asp
104.06.29 22:31 B D:\ASP-Project-6\uae6\Global\Loader.asp --> uaeproperty.com /test/Global Loader.asp
104.06.29 22:31 B D:\ASP-Project-6\uae6\Global\Subs.js --> uaeproperty.com /test/Global Subs.js
104.06.29 22:31 B D:\ASP-Project-6\uae6\Global\valid.js --> uaeproperty.com /test/Global valid.js
104.06.29 22:31 B D:\ASP-Project-6\uae6\Global\WS_FTP.LOG --> uaeproperty.com /test/Global WS_FTP.LOG
104.07.21 22:30 B D:\ASP-Project-7\uae7\Global\valid.js --> uaeproperty.com /test/Global valid.js
104.07.21 22:30 B D:\ASP-Project-7\uae7\Global\valid.js --> uaeproperty.com /test/Global valid.js
104.09.25 17:49 B D:\newuae\Global\clsField.asp --> irebuae.com /uae007/Global clsField.asp
104.09.25 17:49 B D:\newuae\Global\clsImage.asp --> irebuae.com /uae007/Global clsImage.asp
104.09.25 17:49 B D:\newuae\Global\clsProgress.asp --> irebuae.com /uae007/Global clsProgress.asp
104.09.25 17:49 B D:\newuae\Global\clsUpload.asp --> irebuae.com /uae007/Global clsUpload.asp
104.09.25 17:49 B D:\newuae\Global\dsnSource.asp --> irebuae.com /uae007/Global dsnSource.asp
104.09.25 17:49 B D:\newuae\Global\Loader.asp --> irebuae.com /uae007/Global Loader.asp
104.09.25 17:49 B D:\newuae\Global\Subs.js --> irebuae.com /uae007/Global Subs.js
104.09.25 17:49 B D:\newuae\Global\valid.js --> irebuae.com /uae007/Global valid.js
104.09.25 17:49 B D:\newuae\Global\WS_FTP.LOG --> irebuae.com /uae007/Global WS_FTP.LOG
104.09.25 18:18 B D:\newuae\Global\clsField.asp --> uaeproperty.com /uae007/Global clsField.asp
104.09.25 18:18 B D:\newuae\Global\clsImage.asp --> uaeproperty.com /uae007/Global clsImage.asp
104.09.25 18:18 B D:\newuae\Global\clsProgress.asp --> uaeproperty.com /uae007/Global clsProgress.asp
104.09.25 18:18 B D:\newuae\Global\clsUpload.asp --> uaeproperty.com /uae007/Global clsUpload.asp
104.09.25 18:18 B D:\newuae\Global\dsnSource.asp --> uaeproperty.com /uae007/Global dsnSource.asp
104.09.25 18:18 B D:\newuae\Global\Loader.asp --> uaeproperty.com /uae007/Global Loader.asp
104.09.25 18:18 B D:\newuae\Global\Subs.js --> uaeproperty.com /uae007/Global Subs.js
104.09.25 18:18 B D:\newuae\Global\valid.js --> uaeproperty.com /uae007/Global valid.js
104.09.25 18:18 B D:\newuae\Global\WS_FTP.LOG --> uaeproperty.com /uae007/Global WS_FTP.LOG
104.10.21 15:21 B D:\NewUAE\Global\valid.js --> uaeproperty.com /Global valid.js
104.12.13 16:17 B D:\NewUAE\Global\Count.js --> uaeproperty.com /Global Count.js
104.12.13 16:17 B D:\NewUAE\Global\BannerAdd.js --> uaeproperty.com /Global BannerAdd.js
104.12.13 16:29 B D:\NewUAE\Global\BannerAdd.js --> uaeproperty.com /Global BannerAdd.js
104.12.19 15:10 B D:\NewUAE\Global\Enq.js --> uaeproperty.com /Global Enq.js
104.12.26 10:15 B D:\NewUAE\Global\BannerAdd.js --> uaeproperty.com /Global BannerAdd.js
105.04.03 17:42 B D:\Uaeproperty\Mobiles\Global\WS_FTP.LOG <-- uae /Mobiles/Global WS_FTP.LOG
105.04.20 07:24 B F:\CD\Uaeproperty03-04-05\Mobiles\Global\BannerAdd.js --> uaeproperty.com /uaeproperty_main/uaeproperty.com/www/Mobiles/Global BannerAdd.js
105.04.20 07:24 B F:\CD\Uaeproperty03-04-05\Mobiles\Global\clsField.asp --> uaeproperty.com /uaeproperty_main/uaeproperty.com/www/Mobiles/Global clsField.asp
105.04.20 07:24 B F:\CD\Uaeproperty03-04-05\Mobiles\Global\clsImage.asp --> uaeproperty.com /uaeproperty_main/uaeproperty.com/www/Mobiles/Global clsImage.asp
105.04.20 07:24 B F:\CD\Uaeproperty03-04-05\Mobiles\Global\clsPro.asp --> uaeproperty.com /uaeproperty_main/uaeproperty.com/www/Mobiles/Global clsPro.asp
105.04.20 07:24 B F:\CD\Uaeproperty03-04-05\Mobiles\Global\clsProgress.asp --> uaeproperty.com /uaeproperty_main/uaeproperty.com/www/Mobiles/Global clsProgress.asp
105.04.20 07:25 B F:\CD\Uaeproperty03-04-05\Mobiles\Global\clsUpload.asp --> uaeproperty.com /uaeproperty_main/uaeproperty.com/www/Mobiles/Global clsUpload.asp
105.04.20 07:25 B F:\CD\Uaeproperty03-04-05\Mobiles\Global\Count.js --> uaeproperty.com /uaeproperty_main/uaeproperty.com/www/Mobiles/Global Count.js
105.04.20 07:25 B F:\CD\Uaeproperty03-04-05\Mobiles\Global\Enq.js --> uaeproperty.com /uaeproperty_main/uaeproperty.com/www/Mobiles/Global Enq.js
105.04.20 07:25 B F:\CD\Uaeproperty03-04-05\Mobiles\Global\Loader.asp --> uaeproperty.com /uaeproperty_main/uaeproperty.com/www/Mobiles/Global Loader.asp
105.04.20 07:25 B F:\CD\Uaeproperty03-04-05\Mobiles\Global\Main.js --> uaeproperty.com /uaeproperty_main/uaeproperty.com/www/Mobiles/Global Main.js
105.04.20 07:25 B F:\CD\Uaeproperty03-04-05\Mobiles\Global\MainSrc.asp --> uaeproperty.com /uaeproperty_main/uaeproperty.com/www/Mobiles/Global MainSrc.asp
105.04.20 07:25 B F:\CD\Uaeproperty03-04-05\Mobiles\Global\MyStyle.CSS --> uaeproperty.com /uaeproperty_main/uaeproperty.com/www/Mobiles/Global MyStyle.CSS
105.04.20 07:25 B F:\CD\Uaeproperty03-04-05\Mobiles\Global\Subs.js --> uaeproperty.com /uaeproperty_main/uaeproperty.com/www/Mobiles/Global Subs.js
105.04.20 07:25 B F:\CD\Uaeproperty03-04-05\Mobiles\Global\valid.js --> uaeproperty.com /uaeproperty_main/uaeproperty.com/www/Mobiles/Global valid.js
105.09.08 12:44 B D:\UaeProp080905\Mobiles\Global\WS_FTP.LOG <-- uae /uaeproperty_main/uaeproperty.com/www/Mobiles/Global WS_FTP.LOG
