105.08.11 15:40 B D:\phonetrade\images\MainImage\m_363mitt_big.jpg <-- Phonetrade /phonetrade/phonetrade.cc/www/images/MainImage m_363mitt_big.jpg
105.08.11 15:40 B D:\phonetrade\images\MainImage\m_352translinkpac_big.jpg <-- Phonetrade /phonetrade/phonetrade.cc/www/images/MainImage m_352translinkpac_big.jpg
105.08.11 15:40 B D:\phonetrade\images\MainImage\m_110ikoncorp_big.jpg <-- Phonetrade /phonetrade/phonetrade.cc/www/images/MainImage m_110ikoncorp_big.jpg
105.08.11 15:40 B D:\phonetrade\images\MainImage\m_288cellucom_big.jpg <-- Phonetrade /phonetrade/phonetrade.cc/www/images/MainImage m_288cellucom_big.jpg
105.08.11 15:40 B D:\phonetrade\images\MainImage\m_122romaimp_big.jpg <-- Phonetrade /phonetrade/phonetrade.cc/www/images/MainImage m_122romaimp_big.jpg
105.08.11 15:40 B D:\phonetrade\images\MainImage\m_109euroquest_big.jpg <-- Phonetrade /phonetrade/phonetrade.cc/www/images/MainImage m_109euroquest_big.jpg
105.08.11 15:40 B D:\phonetrade\images\MainImage\m_240royal_big.jpg <-- Phonetrade /phonetrade/phonetrade.cc/www/images/MainImage m_240royal_big.jpg
105.08.11 15:41 B D:\phonetrade\images\MainImage\m_316PLCComms_big.jpg <-- Phonetrade /phonetrade/phonetrade.cc/www/images/MainImage m_316PLCComms_big.jpg
105.08.11 15:41 B D:\phonetrade\images\MainImage\m_359TAP_big.jpg <-- Phonetrade /phonetrade/phonetrade.cc/www/images/MainImage m_359TAP_big.jpg
105.08.11 15:41 B D:\phonetrade\images\MainImage\m_312consept_big.jpg <-- Phonetrade /phonetrade/phonetrade.cc/www/images/MainImage m_312consept_big.jpg
105.08.11 15:41 B D:\phonetrade\images\MainImage\m_297HOTRADE_big.jpg <-- Phonetrade /phonetrade/phonetrade.cc/www/images/MainImage m_297HOTRADE_big.jpg
105.08.11 15:41 B D:\phonetrade\images\MainImage\m_341digitalworld_big.jpg <-- Phonetrade /phonetrade/phonetrade.cc/www/images/MainImage m_341digitalworld_big.jpg
105.08.11 15:41 B D:\phonetrade\images\MainImage\m_305damalona_BIG.jpg <-- Phonetrade /phonetrade/phonetrade.cc/www/images/MainImage m_305damalona_BIG.jpg
105.08.11 15:41 B D:\phonetrade\images\MainImage\m_332SATrading_big.jpg <-- Phonetrade /phonetrade/phonetrade.cc/www/images/MainImage m_332SATrading_big.jpg
105.08.11 15:41 B D:\phonetrade\images\MainImage\m_331comveen_big.jpg <-- Phonetrade /phonetrade/phonetrade.cc/www/images/MainImage m_331comveen_big.jpg
105.08.11 15:41 B D:\phonetrade\images\MainImage\m_93MIK_big.jpg <-- Phonetrade /phonetrade/phonetrade.cc/www/images/MainImage m_93MIK_big.jpg
105.08.11 15:41 B D:\phonetrade\images\MainImage\m_254visionproc_big.jpg <-- Phonetrade /phonetrade/phonetrade.cc/www/images/MainImage m_254visionproc_big.jpg
105.08.11 15:41 B D:\phonetrade\images\MainImage\m_361navigoit_big.jpg <-- Phonetrade /phonetrade/phonetrade.cc/www/images/MainImage m_361navigoit_big.jpg
105.08.11 15:41 B D:\phonetrade\images\MainImage\m_356Ecodia_B.jpg <-- Phonetrade /phonetrade/phonetrade.cc/www/images/MainImage m_356Ecodia_B.jpg
105.08.11 15:41 B D:\phonetrade\images\MainImage\m_337DMCglobal_big.jpg <-- Phonetrade /phonetrade/phonetrade.cc/www/images/MainImage m_337DMCglobal_big.jpg
105.08.11 15:41 B D:\phonetrade\images\MainImage\m_345eurotelecom_big.jpg <-- Phonetrade /phonetrade/phonetrade.cc/www/images/MainImage m_345eurotelecom_big.jpg
105.08.11 15:41 B D:\phonetrade\images\MainImage\m_272onlinecellular_big.jpg <-- Phonetrade /phonetrade/phonetrade.cc/www/images/MainImage m_272onlinecellular_big.jpg
105.08.11 15:41 B D:\phonetrade\images\MainImage\m_321fstc_big.jpg <-- Phonetrade /phonetrade/phonetrade.cc/www/images/MainImage m_321fstc_big.jpg
105.08.11 15:41 B D:\phonetrade\images\MainImage\m_310ecd_big.jpg <-- Phonetrade /phonetrade/phonetrade.cc/www/images/MainImage m_310ecd_big.jpg
105.08.11 15:41 B D:\phonetrade\images\MainImage\m_300bgtbv_big.jpg <-- Phonetrade /phonetrade/phonetrade.cc/www/images/MainImage m_300bgtbv_big.jpg
105.08.11 15:41 B D:\phonetrade\images\MainImage\m_307loyal_big.jpg <-- Phonetrade /phonetrade/phonetrade.cc/www/images/MainImage m_307loyal_big.jpg
105.08.11 15:41 B D:\phonetrade\images\MainImage\m_301teletape_big.jpg <-- Phonetrade /phonetrade/phonetrade.cc/www/images/MainImage m_301teletape_big.jpg
105.08.11 15:41 B D:\phonetrade\images\MainImage\m_219technologyplc_big.jpg <-- Phonetrade /phonetrade/phonetrade.cc/www/images/MainImage m_219technologyplc_big.jpg
105.08.11 15:41 B D:\phonetrade\images\MainImage\m_292spherehead_big.jpg <-- Phonetrade /phonetrade/phonetrade.cc/www/images/MainImage m_292spherehead_big.jpg
105.08.11 15:41 B D:\phonetrade\images\MainImage\m_108technologyplus_big.jpg <-- Phonetrade /phonetrade/phonetrade.cc/www/images/MainImage m_108technologyplus_big.jpg
105.08.11 15:41 B D:\phonetrade\images\MainImage\m_73insignia_big.jpg <-- Phonetrade /phonetrade/phonetrade.cc/www/images/MainImage m_73insignia_big.jpg
105.08.11 15:41 B D:\phonetrade\images\MainImage\m_120fortune_big.jpg <-- Phonetrade /phonetrade/phonetrade.cc/www/images/MainImage m_120fortune_big.jpg
105.08.11 15:41 B D:\phonetrade\images\MainImage\m_228balaji_big.jpg <-- Phonetrade /phonetrade/phonetrade.cc/www/images/MainImage m_228balaji_big.jpg
105.08.11 15:41 B D:\phonetrade\images\MainImage\m_270filkamobile_big.jpg <-- Phonetrade /phonetrade/phonetrade.cc/www/images/MainImage m_270filkamobile_big.jpg
105.08.11 15:41 B D:\phonetrade\images\MainImage\m_224solgeneral_big.jpg <-- Phonetrade /phonetrade/phonetrade.cc/www/images/MainImage m_224solgeneral_big.jpg
105.08.11 15:42 B D:\phonetrade\images\MainImage\m_1callmate_big.jpg <-- Phonetrade /phonetrade/phonetrade.cc/www/images/MainImage m_1callmate_big.jpg
105.08.11 15:42 B D:\phonetrade\images\MainImage\m_191diginett_big.jpg <-- Phonetrade /phonetrade/phonetrade.cc/www/images/MainImage m_191diginett_big.jpg
105.08.11 15:42 B D:\phonetrade\images\MainImage\m_133ddc_big.jpg <-- Phonetrade /phonetrade/phonetrade.cc/www/images/MainImage m_133ddc_big.jpg
105.08.11 15:42 B D:\phonetrade\images\MainImage\m_284flamingo_big.jpg <-- Phonetrade /phonetrade/phonetrade.cc/www/images/MainImage m_284flamingo_big.jpg
105.08.11 15:42 B D:\phonetrade\images\MainImage\m_244liquid_big.jpg <-- Phonetrade /phonetrade/phonetrade.cc/www/images/MainImage m_244liquid_big.jpg
105.08.11 15:42 B D:\phonetrade\images\MainImage\m_119dmp_b.jpg <-- Phonetrade /phonetrade/phonetrade.cc/www/images/MainImage m_119dmp_b.jpg
105.08.11 15:42 B D:\phonetrade\images\MainImage\m_191diginett_b.jpg <-- Phonetrade /phonetrade/phonetrade.cc/www/images/MainImage m_191diginett_b.jpg
105.08.11 15:42 B D:\phonetrade\images\MainImage\m_266gsmsol_b.jpg <-- Phonetrade /phonetrade/phonetrade.cc/www/images/MainImage m_266gsmsol_b.jpg
105.08.11 15:42 B D:\phonetrade\images\MainImage\m_134ixiom_b.jpg <-- Phonetrade /phonetrade/phonetrade.cc/www/images/MainImage m_134ixiom_b.jpg
105.08.11 15:42 B D:\phonetrade\images\MainImage\m_282newera_b.jpg <-- Phonetrade /phonetrade/phonetrade.cc/www/images/MainImage m_282newera_b.jpg
105.08.11 15:42 B D:\phonetrade\images\MainImage\m_223kjm_b.jpg <-- Phonetrade /phonetrade/phonetrade.cc/www/images/MainImage m_223kjm_b.jpg
105.08.11 15:42 B D:\phonetrade\images\MainImage\m_130interaxis_b.jpg <-- Phonetrade /phonetrade/phonetrade.cc/www/images/MainImage m_130interaxis_b.jpg
105.08.11 15:42 B D:\phonetrade\images\MainImage\m_129imedic_b.jpg <-- Phonetrade /phonetrade/phonetrade.cc/www/images/MainImage m_129imedic_b.jpg
105.08.11 15:42 B D:\phonetrade\images\MainImage\m_227fonestop_b.jpg <-- Phonetrade /phonetrade/phonetrade.cc/www/images/MainImage m_227fonestop_b.jpg
105.08.11 15:42 B D:\phonetrade\images\MainImage\m_159elecenvir_b.jpg <-- Phonetrade /phonetrade/phonetrade.cc/www/images/MainImage m_159elecenvir_b.jpg
105.08.11 15:42 B D:\phonetrade\images\MainImage\m_275huawei_b.jpg <-- Phonetrade /phonetrade/phonetrade.cc/www/images/MainImage m_275huawei_b.jpg
105.08.11 15:42 B D:\phonetrade\images\MainImage\m_131voiceline_b.jpg <-- Phonetrade /phonetrade/phonetrade.cc/www/images/MainImage m_131voiceline_b.jpg
105.08.11 15:42 B D:\phonetrade\images\MainImage\m_280skyphi_big.jpg <-- Phonetrade /phonetrade/phonetrade.cc/www/images/MainImage m_280skyphi_big.jpg
105.08.11 15:42 B D:\phonetrade\images\MainImage\m_268guess_b.jpg <-- Phonetrade /phonetrade/phonetrade.cc/www/images/MainImage m_268guess_b.jpg
105.08.11 15:42 B D:\phonetrade\images\MainImage\m_274ire_b.jpg <-- Phonetrade /phonetrade/phonetrade.cc/www/images/MainImage m_274ire_b.jpg
105.08.11 15:42 B D:\phonetrade\images\MainImage\m_185joud_b.jpg <-- Phonetrade /phonetrade/phonetrade.cc/www/images/MainImage m_185joud_b.jpg
105.08.11 15:42 B D:\phonetrade\images\MainImage\m_264pjh_b.jpg <-- Phonetrade /phonetrade/phonetrade.cc/www/images/MainImage m_264pjh_b.jpg
105.08.11 15:42 B D:\phonetrade\images\MainImage\m_198delltronics_b.jpg <-- Phonetrade /phonetrade/phonetrade.cc/www/images/MainImage m_198delltronics_b.jpg
105.08.11 15:42 B D:\phonetrade\images\MainImage\m_99beltel_big.jpg <-- Phonetrade /phonetrade/phonetrade.cc/www/images/MainImage m_99beltel_big.jpg
105.08.11 15:42 B D:\phonetrade\images\MainImage\m_265goldfree_b.jpg <-- Phonetrade /phonetrade/phonetrade.cc/www/images/MainImage m_265goldfree_b.jpg
105.08.11 15:42 B D:\phonetrade\images\MainImage\m_252xlc_b.jpg <-- Phonetrade /phonetrade/phonetrade.cc/www/images/MainImage m_252xlc_b.jpg
105.08.11 15:42 B D:\phonetrade\images\MainImage\m_245tabltd_b.jpg <-- Phonetrade /phonetrade/phonetrade.cc/www/images/MainImage m_245tabltd_b.jpg
105.08.11 15:42 B D:\phonetrade\images\MainImage\m_253sellfone_b.jpg <-- Phonetrade /phonetrade/phonetrade.cc/www/images/MainImage m_253sellfone_b.jpg
105.08.11 15:42 B D:\phonetrade\images\MainImage\m_256mbsl_b.jpg <-- Phonetrade /phonetrade/phonetrade.cc/www/images/MainImage m_256mbsl_b.jpg
105.08.11 15:42 B D:\phonetrade\images\MainImage\m_255exel_b.jpg <-- Phonetrade /phonetrade/phonetrade.cc/www/images/MainImage m_255exel_b.jpg
105.08.11 15:42 B D:\phonetrade\images\MainImage\m_207eurocelluar_big.jpg <-- Phonetrade /phonetrade/phonetrade.cc/www/images/MainImage m_207eurocelluar_big.jpg
105.08.11 15:42 B D:\phonetrade\images\MainImage\m_185joud_big.jpg <-- Phonetrade /phonetrade/phonetrade.cc/www/images/MainImage m_185joud_big.jpg
105.08.11 15:42 B D:\phonetrade\images\MainImage\m_242atraf_big.jpg <-- Phonetrade /phonetrade/phonetrade.cc/www/images/MainImage m_242atraf_big.jpg
105.08.11 15:42 B D:\phonetrade\images\MainImage\m_241orangelect_big.jpg <-- Phonetrade /phonetrade/phonetrade.cc/www/images/MainImage m_241orangelect_big.jpg
105.08.11 15:43 B D:\phonetrade\images\MainImage\m_237unicom_b.jpg <-- Phonetrade /phonetrade/phonetrade.cc/www/images/MainImage m_237unicom_b.jpg
105.08.11 15:43 B D:\phonetrade\images\MainImage\m_73insignia_b.jpg <-- Phonetrade /phonetrade/phonetrade.cc/www/images/MainImage m_73insignia_b.jpg
105.08.11 15:43 B D:\phonetrade\images\MainImage\m_226marwaha.jpg <-- Phonetrade /phonetrade/phonetrade.cc/www/images/MainImage m_226marwaha.jpg
105.08.11 15:43 B D:\phonetrade\images\MainImage\m_234myntltd_b.jpg <-- Phonetrade /phonetrade/phonetrade.cc/www/images/MainImage m_234myntltd_b.jpg
105.08.11 15:43 B D:\phonetrade\images\MainImage\m_225solt_b.jpg <-- Phonetrade /phonetrade/phonetrade.cc/www/images/MainImage m_225solt_b.jpg
105.08.11 15:43 B D:\phonetrade\images\MainImage\m_145adf_b.jpg <-- Phonetrade /phonetrade/phonetrade.cc/www/images/MainImage m_145adf_b.jpg
105.08.11 15:43 B D:\phonetrade\images\MainImage\m_205esbae_b.jpg <-- Phonetrade /phonetrade/phonetrade.cc/www/images/MainImage m_205esbae_b.jpg
105.08.11 15:43 B D:\phonetrade\images\MainImage\m_113compucell_b.jpg <-- Phonetrade /phonetrade/phonetrade.cc/www/images/MainImage m_113compucell_b.jpg
105.08.11 15:43 B D:\phonetrade\images\MainImage\m_127Elgin_big.jpg <-- Phonetrade /phonetrade/phonetrade.cc/www/images/MainImage m_127Elgin_big.jpg
105.08.11 15:43 B D:\phonetrade\images\MainImage\m_-1Elgin_big.jpg <-- Phonetrade /phonetrade/phonetrade.cc/www/images/MainImage m_-1Elgin_big.jpg
105.08.11 15:43 B D:\phonetrade\images\MainImage\m_189ohm_b.jpg <-- Phonetrade /phonetrade/phonetrade.cc/www/images/MainImage m_189ohm_b.jpg
105.08.11 15:43 B D:\phonetrade\images\MainImage\m_211gnj_b.jpg <-- Phonetrade /phonetrade/phonetrade.cc/www/images/MainImage m_211gnj_b.jpg
105.08.11 15:43 B D:\phonetrade\images\MainImage\m_206microglobe_big.jpg <-- Phonetrade /phonetrade/phonetrade.cc/www/images/MainImage m_206microglobe_big.jpg
105.08.11 15:43 B D:\phonetrade\images\MainImage\m_214lifeline_big.jpg <-- Phonetrade /phonetrade/phonetrade.cc/www/images/MainImage m_214lifeline_big.jpg
105.08.11 15:43 B D:\phonetrade\images\MainImage\m_217transglobal_big.jpg <-- Phonetrade /phonetrade/phonetrade.cc/www/images/MainImage m_217transglobal_big.jpg
105.08.11 15:43 B D:\phonetrade\images\MainImage\m_155cormila_big.jpg <-- Phonetrade /phonetrade/phonetrade.cc/www/images/MainImage m_155cormila_big.jpg
105.08.11 15:43 B D:\phonetrade\images\MainImage\m_194hayat_big.jpg <-- Phonetrade /phonetrade/phonetrade.cc/www/images/MainImage m_194hayat_big.jpg
105.08.11 15:43 B D:\phonetrade\images\MainImage\m_148glodex_big.jpg <-- Phonetrade /phonetrade/phonetrade.cc/www/images/MainImage m_148glodex_big.jpg
105.08.11 15:43 B D:\phonetrade\images\MainImage\m_195time&tune_big.jpg <-- Phonetrade /phonetrade/phonetrade.cc/www/images/MainImage m_195time&tune_big.jpg
105.08.11 15:43 B D:\phonetrade\images\MainImage\m_98matrixx_big.jpg <-- Phonetrade /phonetrade/phonetrade.cc/www/images/MainImage m_98matrixx_big.jpg
105.08.11 15:43 B D:\phonetrade\images\MainImage\m_182tdc_elec_b.jpg <-- Phonetrade /phonetrade/phonetrade.cc/www/images/MainImage m_182tdc_elec_b.jpg
105.08.11 15:43 B D:\phonetrade\images\MainImage\m_209airwing_big.jpg <-- Phonetrade /phonetrade/phonetrade.cc/www/images/MainImage m_209airwing_big.jpg
105.08.11 15:43 B D:\phonetrade\images\MainImage\m_210phonetrade.jpg <-- Phonetrade /phonetrade/phonetrade.cc/www/images/MainImage m_210phonetrade.jpg
105.08.11 15:43 B D:\phonetrade\images\MainImage\m_203waterfire.jpg <-- Phonetrade /phonetrade/phonetrade.cc/www/images/MainImage m_203waterfire.jpg
105.08.11 15:43 B D:\phonetrade\images\MainImage\m_38eagle_big-image.jpg <-- Phonetrade /phonetrade/phonetrade.cc/www/images/MainImage m_38eagle_big-image.jpg
105.08.11 15:43 B D:\phonetrade\images\MainImage\m_21pfs_big.jpg <-- Phonetrade /phonetrade/phonetrade.cc/www/images/MainImage m_21pfs_big.jpg
105.08.11 15:43 B D:\phonetrade\images\MainImage\m_92pfs_big.jpg <-- Phonetrade /phonetrade/phonetrade.cc/www/images/MainImage m_92pfs_big.jpg
105.08.11 15:43 B D:\phonetrade\images\MainImage\m_39smv_big.jpg <-- Phonetrade /phonetrade/phonetrade.cc/www/images/MainImage m_39smv_big.jpg
105.08.11 15:43 B D:\phonetrade\images\MainImage\m_37bifa_big.jpg <-- Phonetrade /phonetrade/phonetrade.cc/www/images/MainImage m_37bifa_big.jpg
105.08.11 15:43 B D:\phonetrade\images\MainImage\m_204globcom_b.jpg <-- Phonetrade /phonetrade/phonetrade.cc/www/images/MainImage m_204globcom_b.jpg
105.08.11 15:43 B D:\phonetrade\images\MainImage\m_79movil200_b.jpg <-- Phonetrade /phonetrade/phonetrade.cc/www/images/MainImage m_79movil200_b.jpg
105.08.11 15:43 B D:\phonetrade\images\MainImage\m_72incodirect.jpg <-- Phonetrade /phonetrade/phonetrade.cc/www/images/MainImage m_72incodirect.jpg
105.08.11 15:43 B D:\phonetrade\images\MainImage\m_76letting_b.jpg <-- Phonetrade /phonetrade/phonetrade.cc/www/images/MainImage m_76letting_b.jpg
105.08.11 15:43 B D:\phonetrade\images\MainImage\m_63gsmdistri_b.jpg <-- Phonetrade /phonetrade/phonetrade.cc/www/images/MainImage m_63gsmdistri_b.jpg
105.08.11 15:44 B D:\phonetrade\images\MainImage\m_78me365_b.jpg <-- Phonetrade /phonetrade/phonetrade.cc/www/images/MainImage m_78me365_b.jpg
105.08.11 15:44 B D:\phonetrade\images\MainImage\m_88worldcom_b.jpg <-- Phonetrade /phonetrade/phonetrade.cc/www/images/MainImage m_88worldcom_b.jpg
105.08.11 15:44 B D:\phonetrade\images\MainImage\m_87worldcel_b.jpg <-- Phonetrade /phonetrade/phonetrade.cc/www/images/MainImage m_87worldcel_b.jpg
105.08.11 15:44 B D:\phonetrade\images\MainImage\m_80noon2000_b.jpg <-- Phonetrade /phonetrade/phonetrade.cc/www/images/MainImage m_80noon2000_b.jpg
105.08.11 15:44 B D:\phonetrade\images\MainImage\m_65comtell_b.jpg <-- Phonetrade /phonetrade/phonetrade.cc/www/images/MainImage m_65comtell_b.jpg
105.08.11 15:44 B D:\phonetrade\images\MainImage\m_200worldmobile_b.jpg <-- Phonetrade /phonetrade/phonetrade.cc/www/images/MainImage m_200worldmobile_b.jpg
105.08.11 15:44 B D:\phonetrade\images\MainImage\m_199worldtech_b.jpg <-- Phonetrade /phonetrade/phonetrade.cc/www/images/MainImage m_199worldtech_b.jpg
105.08.11 15:44 B D:\phonetrade\images\MainImage\m_178tricell_b.jpg <-- Phonetrade /phonetrade/phonetrade.cc/www/images/MainImage m_178tricell_b.jpg
105.08.11 15:44 B D:\phonetrade\images\MainImage\m_193bella_l.jpg <-- Phonetrade /phonetrade/phonetrade.cc/www/images/MainImage m_193bella_l.jpg
105.08.11 15:44 B D:\phonetrade\images\MainImage\m_166theedge.jpg <-- Phonetrade /phonetrade/phonetrade.cc/www/images/MainImage m_166theedge.jpg
105.08.11 15:44 B D:\phonetrade\images\MainImage\m_175enastech_b.jpg <-- Phonetrade /phonetrade/phonetrade.cc/www/images/MainImage m_175enastech_b.jpg
105.08.11 15:44 B D:\phonetrade\images\MainImage\m_163narula_b.jpg <-- Phonetrade /phonetrade/phonetrade.cc/www/images/MainImage m_163narula_b.jpg
105.08.11 15:44 B D:\phonetrade\images\MainImage\m_32sunico_b.jpg <-- Phonetrade /phonetrade/phonetrade.cc/www/images/MainImage m_32sunico_b.jpg
105.08.11 15:44 B D:\phonetrade\images\MainImage\m_181visualize_big.jpg <-- Phonetrade /phonetrade/phonetrade.cc/www/images/MainImage m_181visualize_big.jpg
105.08.11 15:44 B D:\phonetrade\images\MainImage\m_97fast_track.jpg <-- Phonetrade /phonetrade/phonetrade.cc/www/images/MainImage m_97fast_track.jpg
105.08.11 15:44 B D:\phonetrade\images\MainImage\m_164fonix_b.jpg <-- Phonetrade /phonetrade/phonetrade.cc/www/images/MainImage m_164fonix_b.jpg
105.08.11 15:44 B D:\phonetrade\images\MainImage\m_170commdirect_b.jpg <-- Phonetrade /phonetrade/phonetrade.cc/www/images/MainImage m_170commdirect_b.jpg
105.08.11 15:44 B D:\phonetrade\images\MainImage\m_171cybacomm_b.jpg <-- Phonetrade /phonetrade/phonetrade.cc/www/images/MainImage m_171cybacomm_b.jpg
105.08.11 15:44 B D:\phonetrade\images\MainImage\m_173leopard_b.jpg <-- Phonetrade /phonetrade/phonetrade.cc/www/images/MainImage m_173leopard_b.jpg
105.08.11 15:44 B D:\phonetrade\images\MainImage\m_105safari_b.jpg <-- Phonetrade /phonetrade/phonetrade.cc/www/images/MainImage m_105safari_b.jpg
105.08.11 15:44 B D:\phonetrade\images\MainImage\m_174signal_b.jpg <-- Phonetrade /phonetrade/phonetrade.cc/www/images/MainImage m_174signal_b.jpg
105.08.11 15:44 B D:\phonetrade\images\MainImage\m_172grovner.jpg <-- Phonetrade /phonetrade/phonetrade.cc/www/images/MainImage m_172grovner.jpg
105.08.11 15:44 B D:\phonetrade\images\MainImage\m_177sms_b.jpg <-- Phonetrade /phonetrade/phonetrade.cc/www/images/MainImage m_177sms_b.jpg
105.08.11 15:44 B D:\phonetrade\images\MainImage\m_167bil_b.jpg <-- Phonetrade /phonetrade/phonetrade.cc/www/images/MainImage m_167bil_b.jpg
105.08.11 15:44 B D:\phonetrade\images\MainImage\m_126france_b.jpg <-- Phonetrade /phonetrade/phonetrade.cc/www/images/MainImage m_126france_b.jpg
105.08.11 15:44 B D:\phonetrade\images\MainImage\m_165megantic.jpg <-- Phonetrade /phonetrade/phonetrade.cc/www/images/MainImage m_165megantic.jpg
105.08.11 15:44 B D:\phonetrade\images\MainImage\m_168jag_b.jpg <-- Phonetrade /phonetrade/phonetrade.cc/www/images/MainImage m_168jag_b.jpg
105.08.11 15:44 B D:\phonetrade\images\MainImage\m_44vantage_b.jpg <-- Phonetrade /phonetrade/phonetrade.cc/www/images/MainImage m_44vantage_b.jpg
105.08.11 15:44 B D:\phonetrade\images\MainImage\m_136precious.jpg <-- Phonetrade /phonetrade/phonetrade.cc/www/images/MainImage m_136precious.jpg
105.08.11 15:44 B D:\phonetrade\images\MainImage\m_114faisal_b.jpg <-- Phonetrade /phonetrade/phonetrade.cc/www/images/MainImage m_114faisal_b.jpg
105.08.11 15:44 B D:\phonetrade\images\MainImage\m_77midcom_b.jpg <-- Phonetrade /phonetrade/phonetrade.cc/www/images/MainImage m_77midcom_b.jpg
105.08.11 15:44 B D:\phonetrade\images\MainImage\m_158eurospec_b.jpg <-- Phonetrade /phonetrade/phonetrade.cc/www/images/MainImage m_158eurospec_b.jpg
105.08.11 15:44 B D:\phonetrade\images\MainImage\m_48shelford.jpg <-- Phonetrade /phonetrade/phonetrade.cc/www/images/MainImage m_48shelford.jpg
105.08.11 15:44 B D:\phonetrade\images\MainImage\m_94celltel_big.jpg <-- Phonetrade /phonetrade/phonetrade.cc/www/images/MainImage m_94celltel_big.jpg
105.08.11 15:45 B D:\phonetrade\images\MainImage\m_31jabco_b.jpg <-- Phonetrade /phonetrade/phonetrade.cc/www/images/MainImage m_31jabco_b.jpg
105.08.11 15:45 B D:\phonetrade\images\MainImage\m_103tradinghouse_big.jpg <-- Phonetrade /phonetrade/phonetrade.cc/www/images/MainImage m_103tradinghouse_big.jpg
105.08.11 15:45 B D:\phonetrade\images\MainImage\m_111santech_b.jpg <-- Phonetrade /phonetrade/phonetrade.cc/www/images/MainImage m_111santech_b.jpg
105.08.11 15:45 B D:\phonetrade\images\MainImage\m_49ip2uk_b.jpg <-- Phonetrade /phonetrade/phonetrade.cc/www/images/MainImage m_49ip2uk_b.jpg
105.08.11 15:45 B D:\phonetrade\images\MainImage\m_83sprintcommun_big.jpg <-- Phonetrade /phonetrade/phonetrade.cc/www/images/MainImage m_83sprintcommun_big.jpg
105.08.11 15:45 B D:\phonetrade\images\MainImage\m_86toptelecom_big.jpg <-- Phonetrade /phonetrade/phonetrade.cc/www/images/MainImage m_86toptelecom_big.jpg
105.08.11 15:45 B D:\phonetrade\images\MainImage\m_147crotex_big.jpg <-- Phonetrade /phonetrade/phonetrade.cc/www/images/MainImage m_147crotex_big.jpg
105.08.11 15:45 B D:\phonetrade\images\MainImage\m_74intercom.jpg <-- Phonetrade /phonetrade/phonetrade.cc/www/images/MainImage m_74intercom.jpg
105.08.11 15:45 B D:\phonetrade\images\MainImage\m_3impex_b.jpg <-- Phonetrade /phonetrade/phonetrade.cc/www/images/MainImage m_3impex_b.jpg
105.08.11 15:45 B D:\phonetrade\images\MainImage\m_71imex_b.jpg <-- Phonetrade /phonetrade/phonetrade.cc/www/images/MainImage m_71imex_b.jpg
105.08.11 15:45 B D:\phonetrade\images\MainImage\m_110ikon_b.jpg <-- Phonetrade /phonetrade/phonetrade.cc/www/images/MainImage m_110ikon_b.jpg
105.08.11 15:45 B D:\phonetrade\images\MainImage\m_64gsmking_b.jpg <-- Phonetrade /phonetrade/phonetrade.cc/www/images/MainImage m_64gsmking_b.jpg
105.08.11 15:45 B D:\phonetrade\images\MainImage\m_70gsmexport_b.jpg <-- Phonetrade /phonetrade/phonetrade.cc/www/images/MainImage m_70gsmexport_b.jpg
105.08.11 15:45 B D:\phonetrade\images\MainImage\m_62gsmdirect_b.jpg <-- Phonetrade /phonetrade/phonetrade.cc/www/images/MainImage m_62gsmdirect_b.jpg
105.08.11 15:45 B D:\phonetrade\images\MainImage\m_67globaltel_b.jpg <-- Phonetrade /phonetrade/phonetrade.cc/www/images/MainImage m_67globaltel_b.jpg
105.08.11 15:45 B D:\phonetrade\images\MainImage\m_30globalent_b.jpg <-- Phonetrade /phonetrade/phonetrade.cc/www/images/MainImage m_30globalent_b.jpg
105.08.11 15:45 B D:\phonetrade\images\MainImage\m_4eurolink_b.jpg <-- Phonetrade /phonetrade/phonetrade.cc/www/images/MainImage m_4eurolink_b.jpg
105.08.11 15:45 B D:\phonetrade\images\MainImage\m_132mobitronixx.jpg <-- Phonetrade /phonetrade/phonetrade.cc/www/images/MainImage m_132mobitronixx.jpg
105.08.11 15:45 B D:\phonetrade\images\MainImage\m_61chahal_big.jpg <-- Phonetrade /phonetrade/phonetrade.cc/www/images/MainImage m_61chahal_big.jpg
105.08.11 15:45 B D:\phonetrade\images\MainImage\m_29capstar_b.jpg <-- Phonetrade /phonetrade/phonetrade.cc/www/images/MainImage m_29capstar_b.jpg
105.08.11 15:45 B D:\phonetrade\images\MainImage\m_1calltel.jpg <-- Phonetrade /phonetrade/phonetrade.cc/www/images/MainImage m_1calltel.jpg
105.08.11 15:45 B D:\phonetrade\images\MainImage\m_68bluestar_b.jpg <-- Phonetrade /phonetrade/phonetrade.cc/www/images/MainImage m_68bluestar_b.jpg
105.08.11 15:45 B D:\phonetrade\images\MainImage\m_28astro.jpg <-- Phonetrade /phonetrade/phonetrade.cc/www/images/MainImage m_28astro.jpg
105.08.11 15:45 B D:\phonetrade\images\MainImage\m_4324kcomm.jpg <-- Phonetrade /phonetrade/phonetrade.cc/www/images/MainImage m_4324kcomm.jpg
105.08.11 15:45 B D:\phonetrade\images\MainImage\m_42atomic_b.jpg <-- Phonetrade /phonetrade/phonetrade.cc/www/images/MainImage m_42atomic_b.jpg
105.08.11 15:45 B D:\phonetrade\images\MainImage\m_3324-7uk.jpg <-- Phonetrade /phonetrade/phonetrade.cc/www/images/MainImage m_3324-7uk.jpg
105.08.11 15:45 B D:\phonetrade\images\MainImage\m_4224-7trade.jpg <-- Phonetrade /phonetrade/phonetrade.cc/www/images/MainImage m_4224-7trade.jpg
105.08.11 15:45 B D:\phonetrade\images\MainImage\m_51afi_b.jpg <-- Phonetrade /phonetrade/phonetrade.cc/www/images/MainImage m_51afi_b.jpg
105.08.11 15:45 B D:\phonetrade\images\MainImage\m_22afi_b.jpg <-- Phonetrade /phonetrade/phonetrade.cc/www/images/MainImage m_22afi_b.jpg
105.08.11 15:45 B D:\phonetrade\images\MainImage\m_50afi_b.jpg <-- Phonetrade /phonetrade/phonetrade.cc/www/images/MainImage m_50afi_b.jpg
105.08.11 15:45 B D:\phonetrade\images\MainImage\m_151eurostar_big.jpg <-- Phonetrade /phonetrade/phonetrade.cc/www/images/MainImage m_151eurostar_big.jpg
105.08.11 15:45 B D:\phonetrade\images\MainImage\m_152eurostartelecom1_big.jpg <-- Phonetrade /phonetrade/phonetrade.cc/www/images/MainImage m_152eurostartelecom1_big.jpg
105.08.11 15:45 B D:\phonetrade\images\MainImage\m_-1eurostartelecom1_big.jpg <-- Phonetrade /phonetrade/phonetrade.cc/www/images/MainImage m_-1eurostartelecom1_big.jpg
105.08.11 15:45 B D:\phonetrade\images\MainImage\m_-1eurostartelecom_big.jpg <-- Phonetrade /phonetrade/phonetrade.cc/www/images/MainImage m_-1eurostartelecom_big.jpg
105.08.11 15:46 B D:\phonetrade\images\MainImage\m_125lexustel_big.jpg <-- Phonetrade /phonetrade/phonetrade.cc/www/images/MainImage m_125lexustel_big.jpg
105.08.11 15:46 B D:\phonetrade\images\MainImage\m_141eurostartelecom_big.jpg <-- Phonetrade /phonetrade/phonetrade.cc/www/images/MainImage m_141eurostartelecom_big.jpg
105.08.11 15:46 B D:\phonetrade\images\MainImage\m_138comms_big.jpg <-- Phonetrade /phonetrade/phonetrade.cc/www/images/MainImage m_138comms_big.jpg
105.08.11 15:46 B D:\phonetrade\images\MainImage\m_141eurostar_big.jpg <-- Phonetrade /phonetrade/phonetrade.cc/www/images/MainImage m_141eurostar_big.jpg
105.08.11 15:46 B D:\phonetrade\images\MainImage\m_144premier_b.jpg <-- Phonetrade /phonetrade/phonetrade.cc/www/images/MainImage m_144premier_b.jpg
105.08.11 15:46 B D:\phonetrade\images\MainImage\m_128e-tel_b.jpg <-- Phonetrade /phonetrade/phonetrade.cc/www/images/MainImage m_128e-tel_b.jpg
105.08.11 15:46 B D:\phonetrade\images\MainImage\m_135livewire_b.jpg <-- Phonetrade /phonetrade/phonetrade.cc/www/images/MainImage m_135livewire_b.jpg
105.08.11 15:46 B D:\phonetrade\images\MainImage\m_120fortune_b.jpg <-- Phonetrade /phonetrade/phonetrade.cc/www/images/MainImage m_120fortune_b.jpg
105.08.11 15:46 B D:\phonetrade\images\MainImage\m_118commerce_b.jpg <-- Phonetrade /phonetrade/phonetrade.cc/www/images/MainImage m_118commerce_b.jpg
105.08.11 15:46 B D:\phonetrade\images\MainImage\m_124impact_b.jpg <-- Phonetrade /phonetrade/phonetrade.cc/www/images/MainImage m_124impact_b.jpg
105.08.11 15:46 B D:\phonetrade\images\MainImage\m_121linkup_big.jpg <-- Phonetrade /phonetrade/phonetrade.cc/www/images/MainImage m_121linkup_big.jpg
105.08.11 15:46 B D:\phonetrade\images\MainImage\m_-1linkup_big.jpg <-- Phonetrade /phonetrade/phonetrade.cc/www/images/MainImage m_-1linkup_big.jpg
105.08.11 15:46 B D:\phonetrade\images\MainImage\m_117datalink_big.jpg <-- Phonetrade /phonetrade/phonetrade.cc/www/images/MainImage m_117datalink_big.jpg
105.08.11 15:46 B D:\phonetrade\images\MainImage\m_115interfreight_big.jpg <-- Phonetrade /phonetrade/phonetrade.cc/www/images/MainImage m_115interfreight_big.jpg
105.08.11 15:46 B D:\phonetrade\images\MainImage\m_90forward_logist.jpg <-- Phonetrade /phonetrade/phonetrade.cc/www/images/MainImage m_90forward_logist.jpg
105.08.11 15:46 B D:\phonetrade\images\MainImage\m_86top_telecomb.jpg <-- Phonetrade /phonetrade/phonetrade.cc/www/images/MainImage m_86top_telecomb.jpg
105.08.11 15:46 B D:\phonetrade\images\MainImage\m_85tenardier_b.jpg <-- Phonetrade /phonetrade/phonetrade.cc/www/images/MainImage m_85tenardier_b.jpg
105.08.11 15:46 B D:\phonetrade\images\MainImage\m_84svensonuk_b.jpg <-- Phonetrade /phonetrade/phonetrade.cc/www/images/MainImage m_84svensonuk_b.jpg
105.08.11 15:46 B D:\phonetrade\images\MainImage\m_83spront_b.jpg <-- Phonetrade /phonetrade/phonetrade.cc/www/images/MainImage m_83spront_b.jpg
105.08.11 15:46 B D:\phonetrade\images\MainImage\m_82sanda.jpg <-- Phonetrade /phonetrade/phonetrade.cc/www/images/MainImage m_82sanda.jpg
105.08.11 15:46 B D:\phonetrade\images\MainImage\m_76letting.jpg <-- Phonetrade /phonetrade/phonetrade.cc/www/images/MainImage m_76letting.jpg
105.08.11 15:46 B D:\phonetrade\images\MainImage\m_75ixes_b.jpg <-- Phonetrade /phonetrade/phonetrade.cc/www/images/MainImage m_75ixes_b.jpg
105.08.11 15:46 B D:\phonetrade\images\MainImage\m_69axiom_b.jpg <-- Phonetrade /phonetrade/phonetrade.cc/www/images/MainImage m_69axiom_b.jpg
105.08.11 15:46 B D:\phonetrade\images\MainImage\m_66drt_b.jpg <-- Phonetrade /phonetrade/phonetrade.cc/www/images/MainImage m_66drt_b.jpg
105.08.11 15:46 B D:\phonetrade\images\MainImage\m_57captains.jpg <-- Phonetrade /phonetrade/phonetrade.cc/www/images/MainImage m_57captains.jpg
105.08.11 15:46 B D:\phonetrade\images\MainImage\m_62gsmdirect.jpg <-- Phonetrade /phonetrade/phonetrade.cc/www/images/MainImage m_62gsmdirect.jpg
105.08.11 15:46 B D:\phonetrade\images\MainImage\noimage_big.gif <-- Phonetrade /phonetrade/phonetrade.cc/www/images/MainImage noimage_big.gif
105.08.11 15:46 B D:\phonetrade\images\MainImage\m_51afi_logic.jpg <-- Phonetrade /phonetrade/phonetrade.cc/www/images/MainImage m_51afi_logic.jpg
105.08.11 15:46 B D:\phonetrade\images\MainImage\m_50afi_logic.jpg <-- Phonetrade /phonetrade/phonetrade.cc/www/images/MainImage m_50afi_logic.jpg
105.08.11 15:46 B D:\phonetrade\images\MainImage\m_49IP2.jpg <-- Phonetrade /phonetrade/phonetrade.cc/www/images/MainImage m_49IP2.jpg
105.08.11 15:46 B D:\phonetrade\images\MainImage\m_47eliteplc.jpg <-- Phonetrade /phonetrade/phonetrade.cc/www/images/MainImage m_47eliteplc.jpg
105.08.11 15:46 B D:\phonetrade\images\MainImage\m_45newway.jpg <-- Phonetrade /phonetrade/phonetrade.cc/www/images/MainImage m_45newway.jpg
105.08.11 15:46 B D:\phonetrade\images\MainImage\m_44ventage.jpg <-- Phonetrade /phonetrade/phonetrade.cc/www/images/MainImage m_44ventage.jpg
105.08.11 15:46 B D:\phonetrade\images\MainImage\m_43k24.jpg <-- Phonetrade /phonetrade/phonetrade.cc/www/images/MainImage m_43k24.jpg
105.08.11 15:47 B D:\phonetrade\images\MainImage\m_42atomic.jpg <-- Phonetrade /phonetrade/phonetrade.cc/www/images/MainImage m_42atomic.jpg
105.08.11 15:47 B D:\phonetrade\images\MainImage\m_41oneworld.jpg <-- Phonetrade /phonetrade/phonetrade.cc/www/images/MainImage m_41oneworld.jpg
105.08.11 15:47 B D:\phonetrade\images\MainImage\m_39smvcom.jpg <-- Phonetrade /phonetrade/phonetrade.cc/www/images/MainImage m_39smvcom.jpg
105.08.11 15:47 B D:\phonetrade\images\MainImage\m_38eagle_logis.jpg <-- Phonetrade /phonetrade/phonetrade.cc/www/images/MainImage m_38eagle_logis.jpg
105.08.11 15:47 B D:\phonetrade\images\MainImage\m_37bifa.jpg <-- Phonetrade /phonetrade/phonetrade.cc/www/images/MainImage m_37bifa.jpg
105.08.11 15:47 B D:\phonetrade\images\MainImage\m_36elite.jpg <-- Phonetrade /phonetrade/phonetrade.cc/www/images/MainImage m_36elite.jpg
105.08.11 15:47 B D:\phonetrade\images\MainImage\m_35microtec.jpg <-- Phonetrade /phonetrade/phonetrade.cc/www/images/MainImage m_35microtec.jpg
105.08.11 15:47 B D:\phonetrade\images\MainImage\m_34asr_logic.jpg <-- Phonetrade /phonetrade/phonetrade.cc/www/images/MainImage m_34asr_logic.jpg
105.08.11 15:47 B D:\phonetrade\images\MainImage\m_33trade247.jpg <-- Phonetrade /phonetrade/phonetrade.cc/www/images/MainImage m_33trade247.jpg
105.08.11 15:47 B D:\phonetrade\images\MainImage\m_32sunicoas.jpg <-- Phonetrade /phonetrade/phonetrade.cc/www/images/MainImage m_32sunicoas.jpg
105.08.11 15:47 B D:\phonetrade\images\MainImage\m_31jabcollc.jpg <-- Phonetrade /phonetrade/phonetrade.cc/www/images/MainImage m_31jabcollc.jpg
105.08.11 15:47 B D:\phonetrade\images\MainImage\m_30globalent.jpg <-- Phonetrade /phonetrade/phonetrade.cc/www/images/MainImage m_30globalent.jpg
105.08.11 15:47 B D:\phonetrade\images\MainImage\m_29capstar.jpg <-- Phonetrade /phonetrade/phonetrade.cc/www/images/MainImage m_29capstar.jpg
105.08.11 15:47 B D:\phonetrade\images\MainImage\m_20hawk_precision.jpg <-- Phonetrade /phonetrade/phonetrade.cc/www/images/MainImage m_20hawk_precision.jpg
105.08.11 15:47 B D:\phonetrade\images\MainImage\m_28astrotel.jpg <-- Phonetrade /phonetrade/phonetrade.cc/www/images/MainImage m_28astrotel.jpg
105.08.11 15:47 B D:\phonetrade\images\MainImage\m_27firsttouch.jpg <-- Phonetrade /phonetrade/phonetrade.cc/www/images/MainImage m_27firsttouch.jpg
105.08.11 15:47 B D:\phonetrade\images\MainImage\m_26albarsha.jpg <-- Phonetrade /phonetrade/phonetrade.cc/www/images/MainImage m_26albarsha.jpg
105.08.11 15:47 B D:\phonetrade\images\MainImage\m_16franceaffaires.jpg <-- Phonetrade /phonetrade/phonetrade.cc/www/images/MainImage m_16franceaffaires.jpg
105.08.11 15:47 B D:\phonetrade\images\MainImage\m_22afi_logic.jpg <-- Phonetrade /phonetrade/phonetrade.cc/www/images/MainImage m_22afi_logic.jpg
105.08.11 15:47 B D:\phonetrade\images\MainImage\m_23interken.jpg <-- Phonetrade /phonetrade/phonetrade.cc/www/images/MainImage m_23interken.jpg
105.08.11 15:47 B D:\phonetrade\images\MainImage\m_21pfs_logistic.jpg <-- Phonetrade /phonetrade/phonetrade.cc/www/images/MainImage m_21pfs_logistic.jpg
105.08.11 15:47 B D:\phonetrade\images\MainImage\m_17ip2b.gif <-- Phonetrade /phonetrade/phonetrade.cc/www/images/MainImage m_17ip2b.gif
105.08.11 15:47 B D:\phonetrade\images\MainImage\m_15fs.gif <-- Phonetrade /phonetrade/phonetrade.cc/www/images/MainImage m_15fs.gif
105.08.11 15:47 B D:\phonetrade\images\MainImage\m_14default_01.gif <-- Phonetrade /phonetrade/phonetrade.cc/www/images/MainImage m_14default_01.gif
105.08.11 15:47 B D:\phonetrade\images\MainImage\m_13elite.gif <-- Phonetrade /phonetrade/phonetrade.cc/www/images/MainImage m_13elite.gif
105.08.11 15:47 B D:\phonetrade\images\MainImage\m_12eurobroker.gif <-- Phonetrade /phonetrade/phonetrade.cc/www/images/MainImage m_12eurobroker.gif
105.08.11 15:47 B D:\phonetrade\images\MainImage\m_103gmobile.gif <-- Phonetrade /phonetrade/phonetrade.cc/www/images/MainImage m_103gmobile.gif
105.08.11 15:47 B D:\phonetrade\images\MainImage\m_9ixes.jpg <-- Phonetrade /phonetrade/phonetrade.cc/www/images/MainImage m_9ixes.jpg
105.08.11 15:47 B D:\phonetrade\images\MainImage\m_7DDC.jpg <-- Phonetrade /phonetrade/phonetrade.cc/www/images/MainImage m_7DDC.jpg
105.08.11 15:47 B D:\phonetrade\images\MainImage\m_2opto.jpg <-- Phonetrade /phonetrade/phonetrade.cc/www/images/MainImage m_2opto.jpg
105.08.11 15:47 B D:\phonetrade\images\MainImage\m_4euro.jpg <-- Phonetrade /phonetrade/phonetrade.cc/www/images/MainImage m_4euro.jpg
105.08.11 15:47 B D:\phonetrade\images\MainImage\m_3imp.jpg <-- Phonetrade /phonetrade/phonetrade.cc/www/images/MainImage m_3imp.jpg
105.08.11 15:47 B D:\phonetrade\images\MainImage\m_1call.jpg <-- Phonetrade /phonetrade/phonetrade.cc/www/images/MainImage m_1call.jpg
105.08.11 15:47 B D:\phonetrade\images\MainImage\online.jpg <-- Phonetrade /phonetrade/phonetrade.cc/www/images/MainImage online.jpg
105.08.11 15:47 B D:\phonetrade\images\MainImage\m_6footerbg.jpg <-- Phonetrade /phonetrade/phonetrade.cc/www/images/MainImage m_6footerbg.jpg
105.08.11 15:47 B D:\phonetrade\images\MainImage\m_6btn_submit.jpg <-- Phonetrade /phonetrade/phonetrade.cc/www/images/MainImage m_6btn_submit.jpg
105.08.11 15:48 B D:\phonetrade\images\MainImage\m_5online.jpg <-- Phonetrade /phonetrade/phonetrade.cc/www/images/MainImage m_5online.jpg
105.08.11 15:48 B D:\phonetrade\images\MainImage\m_4arte.jpg <-- Phonetrade /phonetrade/phonetrade.cc/www/images/MainImage m_4arte.jpg
105.08.11 15:48 B D:\phonetrade\images\MainImage\m_2online.jpg <-- Phonetrade /phonetrade/phonetrade.cc/www/images/MainImage m_2online.jpg
105.08.11 15:48 B D:\phonetrade\images\MainImage\m_1cellucom.jpg <-- Phonetrade /phonetrade/phonetrade.cc/www/images/MainImage m_1cellucom.jpg
105.08.11 15:48 B D:\phonetrade\images\MainImage\fti.jpg <-- Phonetrade /phonetrade/phonetrade.cc/www/images/MainImage fti.jpg
105.08.11 15:48 B D:\phonetrade\images\MainImage\cellucom.jpg <-- Phonetrade /phonetrade/phonetrade.cc/www/images/MainImage cellucom.jpg
105.08.11 15:48 B D:\phonetrade\images\MainImage\arte.jpg <-- Phonetrade /phonetrade/phonetrade.cc/www/images/MainImage arte.jpg
105.08.24 15:09 B D:\phonetrade\images\MainImage\arte.jpg <-- Phonetrade /phonetrade/phonetrade.cc/www/images/MainImage arte.jpg
105.08.24 15:09 B D:\phonetrade\images\MainImage\cellucom.jpg <-- Phonetrade /phonetrade/phonetrade.cc/www/images/MainImage cellucom.jpg
105.08.24 15:09 B D:\phonetrade\images\MainImage\fti.jpg <-- Phonetrade /phonetrade/phonetrade.cc/www/images/MainImage fti.jpg
105.08.24 15:09 B D:\phonetrade\images\MainImage\m_-1Elgin_big.jpg <-- Phonetrade /phonetrade/phonetrade.cc/www/images/MainImage m_-1Elgin_big.jpg
105.08.24 15:09 B D:\phonetrade\images\MainImage\m_-1eurostartelecom1_big.jpg <-- Phonetrade /phonetrade/phonetrade.cc/www/images/MainImage m_-1eurostartelecom1_big.jpg
105.08.24 15:09 B D:\phonetrade\images\MainImage\m_-1eurostartelecom_big.jpg <-- Phonetrade /phonetrade/phonetrade.cc/www/images/MainImage m_-1eurostartelecom_big.jpg
105.08.24 15:10 B D:\phonetrade\images\MainImage\m_-1linkup_big.jpg <-- Phonetrade /phonetrade/phonetrade.cc/www/images/MainImage m_-1linkup_big.jpg
105.08.24 15:10 B D:\phonetrade\images\MainImage\m_-1wirelesscellutions_big.jpg <-- Phonetrade /phonetrade/phonetrade.cc/www/images/MainImage m_-1wirelesscellutions_big.jpg
105.08.24 15:10 B D:\phonetrade\images\MainImage\m_103gmobile.gif <-- Phonetrade /phonetrade/phonetrade.cc/www/images/MainImage m_103gmobile.gif
105.08.24 15:10 B D:\phonetrade\images\MainImage\m_103tradinghouse_big.jpg <-- Phonetrade /phonetrade/phonetrade.cc/www/images/MainImage m_103tradinghouse_big.jpg
105.08.24 15:10 B D:\phonetrade\images\MainImage\m_105safari_b.jpg <-- Phonetrade /phonetrade/phonetrade.cc/www/images/MainImage m_105safari_b.jpg
105.08.24 15:10 B D:\phonetrade\images\MainImage\m_108technologyplus_big.jpg <-- Phonetrade /phonetrade/phonetrade.cc/www/images/MainImage m_108technologyplus_big.jpg
105.08.24 15:10 B D:\phonetrade\images\MainImage\m_109euroquest_big.jpg <-- Phonetrade /phonetrade/phonetrade.cc/www/images/MainImage m_109euroquest_big.jpg
105.08.24 15:10 B D:\phonetrade\images\MainImage\m_110ikon_b.jpg <-- Phonetrade /phonetrade/phonetrade.cc/www/images/MainImage m_110ikon_b.jpg
105.08.24 15:10 B D:\phonetrade\images\MainImage\m_110ikoncorp_big.jpg <-- Phonetrade /phonetrade/phonetrade.cc/www/images/MainImage m_110ikoncorp_big.jpg
105.08.24 15:10 B D:\phonetrade\images\MainImage\m_111santech_b.jpg <-- Phonetrade /phonetrade/phonetrade.cc/www/images/MainImage m_111santech_b.jpg
105.08.24 15:10 B D:\phonetrade\images\MainImage\m_113compucell_b.jpg <-- Phonetrade /phonetrade/phonetrade.cc/www/images/MainImage m_113compucell_b.jpg
105.08.24 15:10 B D:\phonetrade\images\MainImage\m_114faisal_b.jpg <-- Phonetrade /phonetrade/phonetrade.cc/www/images/MainImage m_114faisal_b.jpg
105.08.24 15:10 B D:\phonetrade\images\MainImage\m_115interfreight_big.jpg <-- Phonetrade /phonetrade/phonetrade.cc/www/images/MainImage m_115interfreight_big.jpg
105.08.24 15:10 B D:\phonetrade\images\MainImage\m_117datalink_big.jpg <-- Phonetrade /phonetrade/phonetrade.cc/www/images/MainImage m_117datalink_big.jpg
105.08.24 15:10 B D:\phonetrade\images\MainImage\m_118commerce_b.jpg <-- Phonetrade /phonetrade/phonetrade.cc/www/images/MainImage m_118commerce_b.jpg
105.08.24 15:10 B D:\phonetrade\images\MainImage\m_119dmp_b.jpg <-- Phonetrade /phonetrade/phonetrade.cc/www/images/MainImage m_119dmp_b.jpg
105.08.24 15:10 B D:\phonetrade\images\MainImage\m_120fortune_b.jpg <-- Phonetrade /phonetrade/phonetrade.cc/www/images/MainImage m_120fortune_b.jpg
105.08.24 15:10 B D:\phonetrade\images\MainImage\m_120fortune_big.jpg <-- Phonetrade /phonetrade/phonetrade.cc/www/images/MainImage m_120fortune_big.jpg
105.08.24 15:10 B D:\phonetrade\images\MainImage\m_121linkup_big.jpg <-- Phonetrade /phonetrade/phonetrade.cc/www/images/MainImage m_121linkup_big.jpg
105.08.24 15:10 B D:\phonetrade\images\MainImage\m_122romaimp_big.jpg <-- Phonetrade /phonetrade/phonetrade.cc/www/images/MainImage m_122romaimp_big.jpg
105.08.24 15:10 B D:\phonetrade\images\MainImage\m_124impact_b.jpg <-- Phonetrade /phonetrade/phonetrade.cc/www/images/MainImage m_124impact_b.jpg
105.08.24 15:10 B D:\phonetrade\images\MainImage\m_125lexustel_big.jpg <-- Phonetrade /phonetrade/phonetrade.cc/www/images/MainImage m_125lexustel_big.jpg
105.08.24 15:10 B D:\phonetrade\images\MainImage\m_126france_b.jpg <-- Phonetrade /phonetrade/phonetrade.cc/www/images/MainImage m_126france_b.jpg
105.08.24 15:10 B D:\phonetrade\images\MainImage\m_127Elgin_big.jpg <-- Phonetrade /phonetrade/phonetrade.cc/www/images/MainImage m_127Elgin_big.jpg
105.08.24 15:10 B D:\phonetrade\images\MainImage\m_128e-tel_b.jpg <-- Phonetrade /phonetrade/phonetrade.cc/www/images/MainImage m_128e-tel_b.jpg
105.08.24 15:10 B D:\phonetrade\images\MainImage\m_129imedic_b.jpg <-- Phonetrade /phonetrade/phonetrade.cc/www/images/MainImage m_129imedic_b.jpg
105.08.24 15:10 B D:\phonetrade\images\MainImage\m_12eurobroker.gif <-- Phonetrade /phonetrade/phonetrade.cc/www/images/MainImage m_12eurobroker.gif
105.08.24 15:10 B D:\phonetrade\images\MainImage\m_130interaxis_b.jpg <-- Phonetrade /phonetrade/phonetrade.cc/www/images/MainImage m_130interaxis_b.jpg
105.08.24 15:10 B D:\phonetrade\images\MainImage\m_131voiceline_b.jpg <-- Phonetrade /phonetrade/phonetrade.cc/www/images/MainImage m_131voiceline_b.jpg
105.08.24 15:10 B D:\phonetrade\images\MainImage\m_132mobitronixx.jpg <-- Phonetrade /phonetrade/phonetrade.cc/www/images/MainImage m_132mobitronixx.jpg
105.08.24 15:10 B D:\phonetrade\images\MainImage\m_133ddc_big.jpg <-- Phonetrade /phonetrade/phonetrade.cc/www/images/MainImage m_133ddc_big.jpg
105.08.24 15:10 B D:\phonetrade\images\MainImage\m_134ixiom_b.jpg <-- Phonetrade /phonetrade/phonetrade.cc/www/images/MainImage m_134ixiom_b.jpg
105.08.24 15:10 B D:\phonetrade\images\MainImage\m_135livewire_b.jpg <-- Phonetrade /phonetrade/phonetrade.cc/www/images/MainImage m_135livewire_b.jpg
105.08.24 15:11 B D:\phonetrade\images\MainImage\m_136precious.jpg <-- Phonetrade /phonetrade/phonetrade.cc/www/images/MainImage m_136precious.jpg
105.08.24 15:11 B D:\phonetrade\images\MainImage\m_138comms_big.jpg <-- Phonetrade /phonetrade/phonetrade.cc/www/images/MainImage m_138comms_big.jpg
105.08.24 15:11 B D:\phonetrade\images\MainImage\m_13elite.gif <-- Phonetrade /phonetrade/phonetrade.cc/www/images/MainImage m_13elite.gif
105.08.24 15:11 B D:\phonetrade\images\MainImage\m_141eurostar_big.jpg <-- Phonetrade /phonetrade/phonetrade.cc/www/images/MainImage m_141eurostar_big.jpg
105.08.24 15:11 B D:\phonetrade\images\MainImage\m_141eurostartelecom_big.jpg <-- Phonetrade /phonetrade/phonetrade.cc/www/images/MainImage m_141eurostartelecom_big.jpg
105.08.24 15:11 B D:\phonetrade\images\MainImage\m_142wacomm_big.jpg <-- Phonetrade /phonetrade/phonetrade.cc/www/images/MainImage m_142wacomm_big.jpg
105.08.24 15:11 B D:\phonetrade\images\MainImage\m_144premier_b.jpg <-- Phonetrade /phonetrade/phonetrade.cc/www/images/MainImage m_144premier_b.jpg
105.08.24 15:11 B D:\phonetrade\images\MainImage\m_145adf_b.jpg <-- Phonetrade /phonetrade/phonetrade.cc/www/images/MainImage m_145adf_b.jpg
105.08.24 15:11 B D:\phonetrade\images\MainImage\m_147crotex_big.jpg <-- Phonetrade /phonetrade/phonetrade.cc/www/images/MainImage m_147crotex_big.jpg
105.08.24 15:11 B D:\phonetrade\images\MainImage\m_148glodex_big.jpg <-- Phonetrade /phonetrade/phonetrade.cc/www/images/MainImage m_148glodex_big.jpg
105.08.24 15:11 B D:\phonetrade\images\MainImage\m_14default_01.gif <-- Phonetrade /phonetrade/phonetrade.cc/www/images/MainImage m_14default_01.gif
105.08.24 15:11 B D:\phonetrade\images\MainImage\m_151eurostar_big.jpg <-- Phonetrade /phonetrade/phonetrade.cc/www/images/MainImage m_151eurostar_big.jpg
105.08.24 15:11 B D:\phonetrade\images\MainImage\m_152eurostartelecom1_big.jpg <-- Phonetrade /phonetrade/phonetrade.cc/www/images/MainImage m_152eurostartelecom1_big.jpg
105.08.24 15:11 B D:\phonetrade\images\MainImage\m_155cormila_big.jpg <-- Phonetrade /phonetrade/phonetrade.cc/www/images/MainImage m_155cormila_big.jpg
105.08.24 15:11 B D:\phonetrade\images\MainImage\m_158eurospec_b.jpg <-- Phonetrade /phonetrade/phonetrade.cc/www/images/MainImage m_158eurospec_b.jpg
105.08.24 15:11 B D:\phonetrade\images\MainImage\m_159elecenvir_b.jpg <-- Phonetrade /phonetrade/phonetrade.cc/www/images/MainImage m_159elecenvir_b.jpg
105.08.24 15:11 B D:\phonetrade\images\MainImage\m_15fs.gif <-- Phonetrade /phonetrade/phonetrade.cc/www/images/MainImage m_15fs.gif
105.08.24 15:11 B D:\phonetrade\images\MainImage\m_163narula_b.jpg <-- Phonetrade /phonetrade/phonetrade.cc/www/images/MainImage m_163narula_b.jpg
105.08.24 15:11 B D:\phonetrade\images\MainImage\m_164fonix_b.jpg <-- Phonetrade /phonetrade/phonetrade.cc/www/images/MainImage m_164fonix_b.jpg
105.08.24 15:11 B D:\phonetrade\images\MainImage\m_165megantic.jpg <-- Phonetrade /phonetrade/phonetrade.cc/www/images/MainImage m_165megantic.jpg
105.08.24 15:11 B D:\phonetrade\images\MainImage\m_166theedge.jpg <-- Phonetrade /phonetrade/phonetrade.cc/www/images/MainImage m_166theedge.jpg
105.08.24 15:11 B D:\phonetrade\images\MainImage\m_167bil_b.jpg <-- Phonetrade /phonetrade/phonetrade.cc/www/images/MainImage m_167bil_b.jpg
105.08.24 15:11 B D:\phonetrade\images\MainImage\m_168jag_b.jpg <-- Phonetrade /phonetrade/phonetrade.cc/www/images/MainImage m_168jag_b.jpg
105.08.24 15:11 B D:\phonetrade\images\MainImage\m_16franceaffaires.jpg <-- Phonetrade /phonetrade/phonetrade.cc/www/images/MainImage m_16franceaffaires.jpg
105.08.24 15:11 B D:\phonetrade\images\MainImage\m_170commdirect_b.jpg <-- Phonetrade /phonetrade/phonetrade.cc/www/images/MainImage m_170commdirect_b.jpg
105.08.24 15:11 B D:\phonetrade\images\MainImage\m_171cybacomm_b.jpg <-- Phonetrade /phonetrade/phonetrade.cc/www/images/MainImage m_171cybacomm_b.jpg
105.08.24 15:11 B D:\phonetrade\images\MainImage\m_172grovner.jpg <-- Phonetrade /phonetrade/phonetrade.cc/www/images/MainImage m_172grovner.jpg
105.08.24 15:11 B D:\phonetrade\images\MainImage\m_173leopard_b.jpg <-- Phonetrade /phonetrade/phonetrade.cc/www/images/MainImage m_173leopard_b.jpg
105.08.24 15:11 B D:\phonetrade\images\MainImage\m_174signal_b.jpg <-- Phonetrade /phonetrade/phonetrade.cc/www/images/MainImage m_174signal_b.jpg
105.08.24 15:11 B D:\phonetrade\images\MainImage\m_175enastech_b.jpg <-- Phonetrade /phonetrade/phonetrade.cc/www/images/MainImage m_175enastech_b.jpg
105.08.24 15:11 B D:\phonetrade\images\MainImage\m_176cellcom_big.jpg <-- Phonetrade /phonetrade/phonetrade.cc/www/images/MainImage m_176cellcom_big.jpg
105.08.24 15:11 B D:\phonetrade\images\MainImage\m_177sms_b.jpg <-- Phonetrade /phonetrade/phonetrade.cc/www/images/MainImage m_177sms_b.jpg
105.08.24 15:11 B D:\phonetrade\images\MainImage\m_178tricell_b.jpg <-- Phonetrade /phonetrade/phonetrade.cc/www/images/MainImage m_178tricell_b.jpg
105.08.24 15:11 B D:\phonetrade\images\MainImage\m_17ip2b.gif <-- Phonetrade /phonetrade/phonetrade.cc/www/images/MainImage m_17ip2b.gif
105.08.24 15:11 B D:\phonetrade\images\MainImage\m_181visualize_big.jpg <-- Phonetrade /phonetrade/phonetrade.cc/www/images/MainImage m_181visualize_big.jpg
105.08.24 15:11 B D:\phonetrade\images\MainImage\m_182tdc_elec_b.jpg <-- Phonetrade /phonetrade/phonetrade.cc/www/images/MainImage m_182tdc_elec_b.jpg
105.08.24 15:12 B D:\phonetrade\images\MainImage\m_184alsaygeh_big.jpg <-- Phonetrade /phonetrade/phonetrade.cc/www/images/MainImage m_184alsaygeh_big.jpg
105.08.24 15:12 B D:\phonetrade\images\MainImage\m_185joud_b.jpg <-- Phonetrade /phonetrade/phonetrade.cc/www/images/MainImage m_185joud_b.jpg
105.08.24 15:12 B D:\phonetrade\images\MainImage\m_185joud_big.jpg <-- Phonetrade /phonetrade/phonetrade.cc/www/images/MainImage m_185joud_big.jpg
105.08.24 15:12 B D:\phonetrade\images\MainImage\m_189ohm_b.jpg <-- Phonetrade /phonetrade/phonetrade.cc/www/images/MainImage m_189ohm_b.jpg
105.08.24 15:12 B D:\phonetrade\images\MainImage\m_191diginett_b.jpg <-- Phonetrade /phonetrade/phonetrade.cc/www/images/MainImage m_191diginett_b.jpg
105.08.24 15:12 B D:\phonetrade\images\MainImage\m_191diginett_big.jpg <-- Phonetrade /phonetrade/phonetrade.cc/www/images/MainImage m_191diginett_big.jpg
105.08.24 15:12 B D:\phonetrade\images\MainImage\m_193bella_l.jpg <-- Phonetrade /phonetrade/phonetrade.cc/www/images/MainImage m_193bella_l.jpg
105.08.24 15:12 B D:\phonetrade\images\MainImage\m_194hayat_big.jpg <-- Phonetrade /phonetrade/phonetrade.cc/www/images/MainImage m_194hayat_big.jpg
105.08.24 15:12 B D:\phonetrade\images\MainImage\m_195time&tune_big.jpg <-- Phonetrade /phonetrade/phonetrade.cc/www/images/MainImage m_195time&tune_big.jpg
105.08.24 15:12 B D:\phonetrade\images\MainImage\m_198delltronics_b.jpg <-- Phonetrade /phonetrade/phonetrade.cc/www/images/MainImage m_198delltronics_b.jpg
105.08.24 15:12 B D:\phonetrade\images\MainImage\m_199worldtech_b.jpg <-- Phonetrade /phonetrade/phonetrade.cc/www/images/MainImage m_199worldtech_b.jpg
105.08.24 15:12 B D:\phonetrade\images\MainImage\m_1call.jpg <-- Phonetrade /phonetrade/phonetrade.cc/www/images/MainImage m_1call.jpg
105.08.24 15:12 B D:\phonetrade\images\MainImage\m_1callmate_big.jpg <-- Phonetrade /phonetrade/phonetrade.cc/www/images/MainImage m_1callmate_big.jpg
105.08.24 15:12 B D:\phonetrade\images\MainImage\m_1calltel.jpg <-- Phonetrade /phonetrade/phonetrade.cc/www/images/MainImage m_1calltel.jpg
105.08.24 15:12 B D:\phonetrade\images\MainImage\m_1cellucom.jpg <-- Phonetrade /phonetrade/phonetrade.cc/www/images/MainImage m_1cellucom.jpg
105.08.24 15:12 B D:\phonetrade\images\MainImage\m_200worldmobile_b.jpg <-- Phonetrade /phonetrade/phonetrade.cc/www/images/MainImage m_200worldmobile_b.jpg
105.08.24 15:12 B D:\phonetrade\images\MainImage\m_203waterfire.jpg <-- Phonetrade /phonetrade/phonetrade.cc/www/images/MainImage m_203waterfire.jpg
105.08.24 15:12 B D:\phonetrade\images\MainImage\m_204globcom_b.jpg <-- Phonetrade /phonetrade/phonetrade.cc/www/images/MainImage m_204globcom_b.jpg
105.08.24 15:12 B D:\phonetrade\images\MainImage\m_205esbae_b.jpg <-- Phonetrade /phonetrade/phonetrade.cc/www/images/MainImage m_205esbae_b.jpg
105.08.24 15:12 B D:\phonetrade\images\MainImage\m_206microglobe_big.jpg <-- Phonetrade /phonetrade/phonetrade.cc/www/images/MainImage m_206microglobe_big.jpg
105.08.24 15:12 B D:\phonetrade\images\MainImage\m_207eurocelluar_big.jpg <-- Phonetrade /phonetrade/phonetrade.cc/www/images/MainImage m_207eurocelluar_big.jpg
105.08.24 15:12 B D:\phonetrade\images\MainImage\m_209airwing_big.jpg <-- Phonetrade /phonetrade/phonetrade.cc/www/images/MainImage m_209airwing_big.jpg
105.08.24 15:12 B D:\phonetrade\images\MainImage\m_20hawk_precision.jpg <-- Phonetrade /phonetrade/phonetrade.cc/www/images/MainImage m_20hawk_precision.jpg
105.08.24 15:12 B D:\phonetrade\images\MainImage\m_210phonetrade.jpg <-- Phonetrade /phonetrade/phonetrade.cc/www/images/MainImage m_210phonetrade.jpg
105.08.24 15:12 B D:\phonetrade\images\MainImage\m_211gnj_b.jpg <-- Phonetrade /phonetrade/phonetrade.cc/www/images/MainImage m_211gnj_b.jpg
105.08.24 15:12 B D:\phonetrade\images\MainImage\m_214lifeline_big.jpg <-- Phonetrade /phonetrade/phonetrade.cc/www/images/MainImage m_214lifeline_big.jpg
105.08.24 15:12 B D:\phonetrade\images\MainImage\m_217transglobal_big.jpg <-- Phonetrade /phonetrade/phonetrade.cc/www/images/MainImage m_217transglobal_big.jpg
105.08.24 15:12 B D:\phonetrade\images\MainImage\m_219technologyplc_big.jpg <-- Phonetrade /phonetrade/phonetrade.cc/www/images/MainImage m_219technologyplc_big.jpg
105.08.24 15:12 B D:\phonetrade\images\MainImage\m_21pfs_big.jpg <-- Phonetrade /phonetrade/phonetrade.cc/www/images/MainImage m_21pfs_big.jpg
105.08.24 15:12 B D:\phonetrade\images\MainImage\m_21pfs_logistic.jpg <-- Phonetrade /phonetrade/phonetrade.cc/www/images/MainImage m_21pfs_logistic.jpg
105.08.24 15:12 B D:\phonetrade\images\MainImage\m_222expertfze_big.jpg <-- Phonetrade /phonetrade/phonetrade.cc/www/images/MainImage m_222expertfze_big.jpg
105.08.24 15:12 B D:\phonetrade\images\MainImage\m_223kjm_b.jpg <-- Phonetrade /phonetrade/phonetrade.cc/www/images/MainImage m_223kjm_b.jpg
105.08.24 15:13 B D:\phonetrade\images\MainImage\m_224solgeneral_big.jpg <-- Phonetrade /phonetrade/phonetrade.cc/www/images/MainImage m_224solgeneral_big.jpg
105.08.24 15:13 B D:\phonetrade\images\MainImage\m_225solt_b.jpg <-- Phonetrade /phonetrade/phonetrade.cc/www/images/MainImage m_225solt_b.jpg
105.08.24 15:13 B D:\phonetrade\images\MainImage\m_226marwaha.jpg <-- Phonetrade /phonetrade/phonetrade.cc/www/images/MainImage m_226marwaha.jpg
105.08.24 15:13 B D:\phonetrade\images\MainImage\m_227fonestop_b.jpg <-- Phonetrade /phonetrade/phonetrade.cc/www/images/MainImage m_227fonestop_b.jpg
105.08.24 15:13 B D:\phonetrade\images\MainImage\m_228balaji_big.jpg <-- Phonetrade /phonetrade/phonetrade.cc/www/images/MainImage m_228balaji_big.jpg
105.08.24 15:13 B D:\phonetrade\images\MainImage\m_22afi_b.jpg <-- Phonetrade /phonetrade/phonetrade.cc/www/images/MainImage m_22afi_b.jpg
105.08.24 15:13 B D:\phonetrade\images\MainImage\m_22afi_logic.jpg <-- Phonetrade /phonetrade/phonetrade.cc/www/images/MainImage m_22afi_logic.jpg
105.08.24 15:13 B D:\phonetrade\images\MainImage\m_234myntltd_b.jpg <-- Phonetrade /phonetrade/phonetrade.cc/www/images/MainImage m_234myntltd_b.jpg
105.08.24 15:13 B D:\phonetrade\images\MainImage\m_237unicom_b.jpg <-- Phonetrade /phonetrade/phonetrade.cc/www/images/MainImage m_237unicom_b.jpg
105.08.24 15:13 B D:\phonetrade\images\MainImage\m_23interken.jpg <-- Phonetrade /phonetrade/phonetrade.cc/www/images/MainImage m_23interken.jpg
105.08.24 15:13 B D:\phonetrade\images\MainImage\m_23interken_big.jpg <-- Phonetrade /phonetrade/phonetrade.cc/www/images/MainImage m_23interken_big.jpg
105.08.24 15:13 B D:\phonetrade\images\MainImage\m_240royal_big.jpg <-- Phonetrade /phonetrade/phonetrade.cc/www/images/MainImage m_240royal_big.jpg
105.08.24 15:13 B D:\phonetrade\images\MainImage\m_241orangelect_big.jpg <-- Phonetrade /phonetrade/phonetrade.cc/www/images/MainImage m_241orangelect_big.jpg
105.08.24 15:13 B D:\phonetrade\images\MainImage\m_242atraf_big.jpg <-- Phonetrade /phonetrade/phonetrade.cc/www/images/MainImage m_242atraf_big.jpg
105.08.24 15:13 B D:\phonetrade\images\MainImage\m_244liquid_big.jpg <-- Phonetrade /phonetrade/phonetrade.cc/www/images/MainImage m_244liquid_big.jpg
105.08.24 15:13 B D:\phonetrade\images\MainImage\m_245tabltd_b.jpg <-- Phonetrade /phonetrade/phonetrade.cc/www/images/MainImage m_245tabltd_b.jpg
105.08.24 15:13 B D:\phonetrade\images\MainImage\m_252xlc_b.jpg <-- Phonetrade /phonetrade/phonetrade.cc/www/images/MainImage m_252xlc_b.jpg
105.08.24 15:13 B D:\phonetrade\images\MainImage\m_253sellfone_b.jpg <-- Phonetrade /phonetrade/phonetrade.cc/www/images/MainImage m_253sellfone_b.jpg
105.08.24 15:13 B D:\phonetrade\images\MainImage\m_254visionproc_big.jpg <-- Phonetrade /phonetrade/phonetrade.cc/www/images/MainImage m_254visionproc_big.jpg
105.08.24 15:13 B D:\phonetrade\images\MainImage\m_255exel_b.jpg <-- Phonetrade /phonetrade/phonetrade.cc/www/images/MainImage m_255exel_b.jpg
105.08.24 15:13 B D:\phonetrade\images\MainImage\m_256mbsl_b.jpg <-- Phonetrade /phonetrade/phonetrade.cc/www/images/MainImage m_256mbsl_b.jpg
105.08.24 15:13 B D:\phonetrade\images\MainImage\m_260cellularsolution_big.jpg <-- Phonetrade /phonetrade/phonetrade.cc/www/images/MainImage m_260cellularsolution_big.jpg
105.08.24 15:13 B D:\phonetrade\images\MainImage\m_262kontact_big.jpg <-- Phonetrade /phonetrade/phonetrade.cc/www/images/MainImage m_262kontact_big.jpg
105.08.24 15:13 B D:\phonetrade\images\MainImage\m_264pjh_b.jpg <-- Phonetrade /phonetrade/phonetrade.cc/www/images/MainImage m_264pjh_b.jpg
105.08.24 15:13 B D:\phonetrade\images\MainImage\m_265goldfree_b.jpg <-- Phonetrade /phonetrade/phonetrade.cc/www/images/MainImage m_265goldfree_b.jpg
105.08.24 15:13 B D:\phonetrade\images\MainImage\m_266gsmsol_b.jpg <-- Phonetrade /phonetrade/phonetrade.cc/www/images/MainImage m_266gsmsol_b.jpg
105.08.24 15:13 B D:\phonetrade\images\MainImage\m_268guess_b.jpg <-- Phonetrade /phonetrade/phonetrade.cc/www/images/MainImage m_268guess_b.jpg
105.08.24 15:13 B D:\phonetrade\images\MainImage\m_269globalpark_big.jpg <-- Phonetrade /phonetrade/phonetrade.cc/www/images/MainImage m_269globalpark_big.jpg
105.08.24 15:13 B D:\phonetrade\images\MainImage\m_26albarsha.jpg <-- Phonetrade /phonetrade/phonetrade.cc/www/images/MainImage m_26albarsha.jpg
105.08.24 15:13 B D:\phonetrade\images\MainImage\m_270filkamobile_big.jpg <-- Phonetrade /phonetrade/phonetrade.cc/www/images/MainImage m_270filkamobile_big.jpg
105.08.24 15:13 B D:\phonetrade\images\MainImage\m_271sgmltd_big.jpg <-- Phonetrade /phonetrade/phonetrade.cc/www/images/MainImage m_271sgmltd_big.jpg
105.08.24 15:13 B D:\phonetrade\images\MainImage\m_272onlinecellular_big.jpg <-- Phonetrade /phonetrade/phonetrade.cc/www/images/MainImage m_272onlinecellular_big.jpg
105.08.24 15:14 B D:\phonetrade\images\MainImage\m_274ire_b.jpg <-- Phonetrade /phonetrade/phonetrade.cc/www/images/MainImage m_274ire_b.jpg
105.08.24 15:14 B D:\phonetrade\images\MainImage\m_275huawei_b.jpg <-- Phonetrade /phonetrade/phonetrade.cc/www/images/MainImage m_275huawei_b.jpg
105.08.24 15:14 B D:\phonetrade\images\MainImage\m_27firsttouch.jpg <-- Phonetrade /phonetrade/phonetrade.cc/www/images/MainImage m_27firsttouch.jpg
105.08.24 15:14 B D:\phonetrade\images\MainImage\m_280skyphi_big.jpg <-- Phonetrade /phonetrade/phonetrade.cc/www/images/MainImage m_280skyphi_big.jpg
105.08.24 15:14 B D:\phonetrade\images\MainImage\m_282newera_b.jpg <-- Phonetrade /phonetrade/phonetrade.cc/www/images/MainImage m_282newera_b.jpg
105.08.24 15:14 B D:\phonetrade\images\MainImage\m_284flamingo_big.jpg <-- Phonetrade /phonetrade/phonetrade.cc/www/images/MainImage m_284flamingo_big.jpg
105.08.24 15:14 B D:\phonetrade\images\MainImage\m_288cellucom_big.jpg <-- Phonetrade /phonetrade/phonetrade.cc/www/images/MainImage m_288cellucom_big.jpg
105.08.24 15:14 B D:\phonetrade\images\MainImage\m_28astro.jpg <-- Phonetrade /phonetrade/phonetrade.cc/www/images/MainImage m_28astro.jpg
105.08.24 15:14 B D:\phonetrade\images\MainImage\m_28astrotel.jpg <-- Phonetrade /phonetrade/phonetrade.cc/www/images/MainImage m_28astrotel.jpg
105.08.24 15:14 B D:\phonetrade\images\MainImage\m_292spherehead_big.jpg <-- Phonetrade /phonetrade/phonetrade.cc/www/images/MainImage m_292spherehead_big.jpg
105.08.24 15:14 B D:\phonetrade\images\MainImage\m_297HOTRADE_big.jpg <-- Phonetrade /phonetrade/phonetrade.cc/www/images/MainImage m_297HOTRADE_big.jpg
105.08.24 15:14 B D:\phonetrade\images\MainImage\m_299ksktrading_big.jpg <-- Phonetrade /phonetrade/phonetrade.cc/www/images/MainImage m_299ksktrading_big.jpg
105.08.24 15:14 B D:\phonetrade\images\MainImage\m_29capstar.jpg <-- Phonetrade /phonetrade/phonetrade.cc/www/images/MainImage m_29capstar.jpg
105.08.24 15:14 B D:\phonetrade\images\MainImage\m_29capstar_b.jpg <-- Phonetrade /phonetrade/phonetrade.cc/www/images/MainImage m_29capstar_b.jpg
105.08.24 15:14 B D:\phonetrade\images\MainImage\m_2online.jpg <-- Phonetrade /phonetrade/phonetrade.cc/www/images/MainImage m_2online.jpg
105.08.24 15:14 B D:\phonetrade\images\MainImage\m_2opto.jpg <-- Phonetrade /phonetrade/phonetrade.cc/www/images/MainImage m_2opto.jpg
105.08.24 15:14 B D:\phonetrade\images\MainImage\m_300bgtbv_big.jpg <-- Phonetrade /phonetrade/phonetrade.cc/www/images/MainImage m_300bgtbv_big.jpg
105.08.24 15:14 B D:\phonetrade\images\MainImage\m_301teletape_big.jpg <-- Phonetrade /phonetrade/phonetrade.cc/www/images/MainImage m_301teletape_big.jpg
105.08.24 15:14 B D:\phonetrade\images\MainImage\m_305damalona_BIG.jpg <-- Phonetrade /phonetrade/phonetrade.cc/www/images/MainImage m_305damalona_BIG.jpg
105.08.24 15:14 B D:\phonetrade\images\MainImage\m_307loyal_big.jpg <-- Phonetrade /phonetrade/phonetrade.cc/www/images/MainImage m_307loyal_big.jpg
105.08.24 15:14 B D:\phonetrade\images\MainImage\m_309Elgin_big.jpg <-- Phonetrade /phonetrade/phonetrade.cc/www/images/MainImage m_309Elgin_big.jpg
105.08.24 15:14 B D:\phonetrade\images\MainImage\m_309newsun_big.jpg <-- Phonetrade /phonetrade/phonetrade.cc/www/images/MainImage m_309newsun_big.jpg
105.08.24 15:14 B D:\phonetrade\images\MainImage\m_30globalent.jpg <-- Phonetrade /phonetrade/phonetrade.cc/www/images/MainImage m_30globalent.jpg
105.08.24 15:14 B D:\phonetrade\images\MainImage\m_30globalent_b.jpg <-- Phonetrade /phonetrade/phonetrade.cc/www/images/MainImage m_30globalent_b.jpg
105.08.24 15:14 B D:\phonetrade\images\MainImage\m_310ecd_big.jpg <-- Phonetrade /phonetrade/phonetrade.cc/www/images/MainImage m_310ecd_big.jpg
105.08.24 15:14 B D:\phonetrade\images\MainImage\m_312consept_big.jpg <-- Phonetrade /phonetrade/phonetrade.cc/www/images/MainImage m_312consept_big.jpg
105.08.24 15:14 B D:\phonetrade\images\MainImage\m_316PLCComms_big.jpg <-- Phonetrade /phonetrade/phonetrade.cc/www/images/MainImage m_316PLCComms_big.jpg
105.08.24 15:14 B D:\phonetrade\images\MainImage\m_31jabco_b.jpg <-- Phonetrade /phonetrade/phonetrade.cc/www/images/MainImage m_31jabco_b.jpg
105.08.24 15:14 B D:\phonetrade\images\MainImage\m_31jabcollc.jpg <-- Phonetrade /phonetrade/phonetrade.cc/www/images/MainImage m_31jabcollc.jpg
105.08.24 15:14 B D:\phonetrade\images\MainImage\m_321fstc_big.jpg <-- Phonetrade /phonetrade/phonetrade.cc/www/images/MainImage m_321fstc_big.jpg
105.08.24 15:15 B D:\phonetrade\images\MainImage\m_327jamescameron_big.jpg <-- Phonetrade /phonetrade/phonetrade.cc/www/images/MainImage m_327jamescameron_big.jpg
105.08.24 15:15 B D:\phonetrade\images\MainImage\m_32sunico_b.jpg <-- Phonetrade /phonetrade/phonetrade.cc/www/images/MainImage m_32sunico_b.jpg
105.08.24 15:15 B D:\phonetrade\images\MainImage\m_32sunicoas.jpg <-- Phonetrade /phonetrade/phonetrade.cc/www/images/MainImage m_32sunicoas.jpg
105.08.24 15:15 B D:\phonetrade\images\MainImage\m_331comveen_big.jpg <-- Phonetrade /phonetrade/phonetrade.cc/www/images/MainImage m_331comveen_big.jpg
105.08.24 15:15 B D:\phonetrade\images\MainImage\m_3324-7uk.jpg <-- Phonetrade /phonetrade/phonetrade.cc/www/images/MainImage m_3324-7uk.jpg
105.08.24 15:15 B D:\phonetrade\images\MainImage\m_332SATrading_big.jpg <-- Phonetrade /phonetrade/phonetrade.cc/www/images/MainImage m_332SATrading_big.jpg
105.08.24 15:15 B D:\phonetrade\images\MainImage\m_333fmint_big.jpg <-- Phonetrade /phonetrade/phonetrade.cc/www/images/MainImage m_333fmint_big.jpg
105.08.24 15:15 B D:\phonetrade\images\MainImage\m_337DMCglobal_big.jpg <-- Phonetrade /phonetrade/phonetrade.cc/www/images/MainImage m_337DMCglobal_big.jpg
105.08.24 15:15 B D:\phonetrade\images\MainImage\m_33trade247.jpg <-- Phonetrade /phonetrade/phonetrade.cc/www/images/MainImage m_33trade247.jpg
105.08.24 15:15 B D:\phonetrade\images\MainImage\m_341digitalworld_big.jpg <-- Phonetrade /phonetrade/phonetrade.cc/www/images/MainImage m_341digitalworld_big.jpg
105.08.24 15:15 B D:\phonetrade\images\MainImage\m_345eurotelecom_big.jpg <-- Phonetrade /phonetrade/phonetrade.cc/www/images/MainImage m_345eurotelecom_big.jpg
105.08.24 15:15 B D:\phonetrade\images\MainImage\m_347ssjs_big.jpg <-- Phonetrade /phonetrade/phonetrade.cc/www/images/MainImage m_347ssjs_big.jpg
105.08.24 15:15 B D:\phonetrade\images\MainImage\m_348skyhigh_big.jpg <-- Phonetrade /phonetrade/phonetrade.cc/www/images/MainImage m_348skyhigh_big.jpg
105.08.24 15:15 B D:\phonetrade\images\MainImage\m_349GTCsarl_big.jpg <-- Phonetrade /phonetrade/phonetrade.cc/www/images/MainImage m_349GTCsarl_big.jpg
105.08.24 15:15 B D:\phonetrade\images\MainImage\m_34asr_logic.jpg <-- Phonetrade /phonetrade/phonetrade.cc/www/images/MainImage m_34asr_logic.jpg
105.08.24 15:15 B D:\phonetrade\images\MainImage\m_351tab_big.jpg <-- Phonetrade /phonetrade/phonetrade.cc/www/images/MainImage m_351tab_big.jpg
105.08.24 15:15 B D:\phonetrade\images\MainImage\m_352translinkpac_big.jpg <-- Phonetrade /phonetrade/phonetrade.cc/www/images/MainImage m_352translinkpac_big.jpg
105.08.24 15:15 B D:\phonetrade\images\MainImage\m_356Ecodia_B.jpg <-- Phonetrade /phonetrade/phonetrade.cc/www/images/MainImage m_356Ecodia_B.jpg
105.08.24 15:15 B D:\phonetrade\images\MainImage\m_358gradeone_big.jpg <-- Phonetrade /phonetrade/phonetrade.cc/www/images/MainImage m_358gradeone_big.jpg
105.08.24 15:15 B D:\phonetrade\images\MainImage\m_359TAP_big.jpg <-- Phonetrade /phonetrade/phonetrade.cc/www/images/MainImage m_359TAP_big.jpg
105.08.24 15:15 B D:\phonetrade\images\MainImage\m_35microtec.jpg <-- Phonetrade /phonetrade/phonetrade.cc/www/images/MainImage m_35microtec.jpg
105.08.24 15:15 B D:\phonetrade\images\MainImage\m_361navigoit_big.jpg <-- Phonetrade /phonetrade/phonetrade.cc/www/images/MainImage m_361navigoit_big.jpg
105.08.24 15:15 B D:\phonetrade\images\MainImage\m_363mitt_big.jpg <-- Phonetrade /phonetrade/phonetrade.cc/www/images/MainImage m_363mitt_big.jpg
105.08.24 15:15 B D:\phonetrade\images\MainImage\m_36elite.jpg <-- Phonetrade /phonetrade/phonetrade.cc/www/images/MainImage m_36elite.jpg
105.08.24 15:15 B D:\phonetrade\images\MainImage\m_373ocean_big.jpg <-- Phonetrade /phonetrade/phonetrade.cc/www/images/MainImage m_373ocean_big.jpg
105.08.24 15:15 B D:\phonetrade\images\MainImage\m_375santok_big.jpg <-- Phonetrade /phonetrade/phonetrade.cc/www/images/MainImage m_375santok_big.jpg
105.08.24 15:16 B D:\phonetrade\images\MainImage\m_378wirelesscellutions_big.jpg <-- Phonetrade /phonetrade/phonetrade.cc/www/images/MainImage m_378wirelesscellutions_big.jpg
105.08.24 15:16 B D:\phonetrade\images\MainImage\m_379cmarttrading_big.jpg <-- Phonetrade /phonetrade/phonetrade.cc/www/images/MainImage m_379cmarttrading_big.jpg
105.08.24 15:16 B D:\phonetrade\images\MainImage\m_37bifa.jpg <-- Phonetrade /phonetrade/phonetrade.cc/www/images/MainImage m_37bifa.jpg
105.08.24 15:16 B D:\phonetrade\images\MainImage\m_37bifa_big.jpg <-- Phonetrade /phonetrade/phonetrade.cc/www/images/MainImage m_37bifa_big.jpg
105.08.24 15:16 B D:\phonetrade\images\MainImage\m_389fitzroy_bigimages.jpg <-- Phonetrade /phonetrade/phonetrade.cc/www/images/MainImage m_389fitzroy_bigimages.jpg
105.08.24 15:16 B D:\phonetrade\images\MainImage\m_38eagle_big-image.jpg <-- Phonetrade /phonetrade/phonetrade.cc/www/images/MainImage m_38eagle_big-image.jpg
105.08.24 15:16 B D:\phonetrade\images\MainImage\m_38eagle_logis.jpg <-- Phonetrade /phonetrade/phonetrade.cc/www/images/MainImage m_38eagle_logis.jpg
105.08.24 15:16 B D:\phonetrade\images\MainImage\m_395kxs_big.jpg <-- Phonetrade /phonetrade/phonetrade.cc/www/images/MainImage m_395kxs_big.jpg
105.08.24 15:16 B D:\phonetrade\images\MainImage\m_396imanphone_big.jpg <-- Phonetrade /phonetrade/phonetrade.cc/www/images/MainImage m_396imanphone_big.jpg
105.08.24 15:16 B D:\phonetrade\images\MainImage\m_39smv_big.jpg <-- Phonetrade /phonetrade/phonetrade.cc/www/images/MainImage m_39smv_big.jpg
105.08.24 15:16 B D:\phonetrade\images\MainImage\m_39smvcom.jpg <-- Phonetrade /phonetrade/phonetrade.cc/www/images/MainImage m_39smvcom.jpg
105.08.24 15:16 B D:\phonetrade\images\MainImage\m_3imp.jpg <-- Phonetrade /phonetrade/phonetrade.cc/www/images/MainImage m_3imp.jpg
105.08.24 15:16 B D:\phonetrade\images\MainImage\m_3impex_b.jpg <-- Phonetrade /phonetrade/phonetrade.cc/www/images/MainImage m_3impex_b.jpg
105.08.24 15:16 B D:\phonetrade\images\MainImage\m_401JCTlogis_big.jpg <-- Phonetrade /phonetrade/phonetrade.cc/www/images/MainImage m_401JCTlogis_big.jpg
105.08.24 15:16 B D:\phonetrade\images\MainImage\m_402LG_big.jpg <-- Phonetrade /phonetrade/phonetrade.cc/www/images/MainImage m_402LG_big.jpg
105.08.24 15:16 B D:\phonetrade\images\MainImage\m_403cellstar_big.jpg <-- Phonetrade /phonetrade/phonetrade.cc/www/images/MainImage m_403cellstar_big.jpg
105.08.24 15:16 B D:\phonetrade\images\MainImage\m_405union_big.jpg <-- Phonetrade /phonetrade/phonetrade.cc/www/images/MainImage m_405union_big.jpg
105.08.24 15:16 B D:\phonetrade\images\MainImage\m_41oneworld.jpg <-- Phonetrade /phonetrade/phonetrade.cc/www/images/MainImage m_41oneworld.jpg
105.08.24 15:16 B D:\phonetrade\images\MainImage\m_4224-7trade.jpg <-- Phonetrade /phonetrade/phonetrade.cc/www/images/MainImage m_4224-7trade.jpg
105.08.24 15:16 B D:\phonetrade\images\MainImage\m_42atomic.jpg <-- Phonetrade /phonetrade/phonetrade.cc/www/images/MainImage m_42atomic.jpg
105.08.24 15:16 B D:\phonetrade\images\MainImage\m_42atomic_b.jpg <-- Phonetrade /phonetrade/phonetrade.cc/www/images/MainImage m_42atomic_b.jpg
105.08.24 15:16 B D:\phonetrade\images\MainImage\m_4324kcomm.jpg <-- Phonetrade /phonetrade/phonetrade.cc/www/images/MainImage m_4324kcomm.jpg
105.08.24 15:16 B D:\phonetrade\images\MainImage\m_43k24.jpg <-- Phonetrade /phonetrade/phonetrade.cc/www/images/MainImage m_43k24.jpg
105.08.24 15:16 B D:\phonetrade\images\MainImage\m_44vantage_b.jpg <-- Phonetrade /phonetrade/phonetrade.cc/www/images/MainImage m_44vantage_b.jpg
105.08.24 15:16 B D:\phonetrade\images\MainImage\m_44ventage.jpg <-- Phonetrade /phonetrade/phonetrade.cc/www/images/MainImage m_44ventage.jpg
105.08.24 15:16 B D:\phonetrade\images\MainImage\m_45newway.jpg <-- Phonetrade /phonetrade/phonetrade.cc/www/images/MainImage m_45newway.jpg
105.08.24 15:16 B D:\phonetrade\images\MainImage\m_47eliteplc.jpg <-- Phonetrade /phonetrade/phonetrade.cc/www/images/MainImage m_47eliteplc.jpg
105.08.24 15:16 B D:\phonetrade\images\MainImage\m_48shelford.jpg <-- Phonetrade /phonetrade/phonetrade.cc/www/images/MainImage m_48shelford.jpg
105.08.24 15:16 B D:\phonetrade\images\MainImage\m_49IP2.jpg <-- Phonetrade /phonetrade/phonetrade.cc/www/images/MainImage m_49IP2.jpg
105.08.24 15:16 B D:\phonetrade\images\MainImage\m_49ip2uk_b.jpg <-- Phonetrade /phonetrade/phonetrade.cc/www/images/MainImage m_49ip2uk_b.jpg
105.08.24 15:16 B D:\phonetrade\images\MainImage\m_4arte.jpg <-- Phonetrade /phonetrade/phonetrade.cc/www/images/MainImage m_4arte.jpg
105.08.24 15:16 B D:\phonetrade\images\MainImage\m_4euro.jpg <-- Phonetrade /phonetrade/phonetrade.cc/www/images/MainImage m_4euro.jpg
105.08.24 15:16 B D:\phonetrade\images\MainImage\m_4eurolink_b.jpg <-- Phonetrade /phonetrade/phonetrade.cc/www/images/MainImage m_4eurolink_b.jpg
105.08.24 15:16 B D:\phonetrade\images\MainImage\m_50afi_b.jpg <-- Phonetrade /phonetrade/phonetrade.cc/www/images/MainImage m_50afi_b.jpg
105.08.24 15:17 B D:\phonetrade\images\MainImage\m_50afi_logic.jpg <-- Phonetrade /phonetrade/phonetrade.cc/www/images/MainImage m_50afi_logic.jpg
105.08.24 15:17 B D:\phonetrade\images\MainImage\m_51afi_b.jpg <-- Phonetrade /phonetrade/phonetrade.cc/www/images/MainImage m_51afi_b.jpg
105.08.24 15:17 B D:\phonetrade\images\MainImage\m_51afi_logic.jpg <-- Phonetrade /phonetrade/phonetrade.cc/www/images/MainImage m_51afi_logic.jpg
105.08.24 15:17 B D:\phonetrade\images\MainImage\m_57captains.jpg <-- Phonetrade /phonetrade/phonetrade.cc/www/images/MainImage m_57captains.jpg
105.08.24 15:17 B D:\phonetrade\images\MainImage\m_5online.jpg <-- Phonetrade /phonetrade/phonetrade.cc/www/images/MainImage m_5online.jpg
105.08.24 15:17 B D:\phonetrade\images\MainImage\m_61chahal_big.jpg <-- Phonetrade /phonetrade/phonetrade.cc/www/images/MainImage m_61chahal_big.jpg
105.08.24 15:17 B D:\phonetrade\images\MainImage\m_62gsmdirect.jpg <-- Phonetrade /phonetrade/phonetrade.cc/www/images/MainImage m_62gsmdirect.jpg
105.08.24 15:17 B D:\phonetrade\images\MainImage\m_62gsmdirect_b.jpg <-- Phonetrade /phonetrade/phonetrade.cc/www/images/MainImage m_62gsmdirect_b.jpg
105.08.24 15:17 B D:\phonetrade\images\MainImage\m_63gsmdistri_b.jpg <-- Phonetrade /phonetrade/phonetrade.cc/www/images/MainImage m_63gsmdistri_b.jpg
105.08.24 15:17 B D:\phonetrade\images\MainImage\m_64gsmking_b.jpg <-- Phonetrade /phonetrade/phonetrade.cc/www/images/MainImage m_64gsmking_b.jpg
105.08.24 15:17 B D:\phonetrade\images\MainImage\m_65comtell_b.jpg <-- Phonetrade /phonetrade/phonetrade.cc/www/images/MainImage m_65comtell_b.jpg
105.08.24 15:17 B D:\phonetrade\images\MainImage\m_66drt_b.jpg <-- Phonetrade /phonetrade/phonetrade.cc/www/images/MainImage m_66drt_b.jpg
105.08.24 15:17 B D:\phonetrade\images\MainImage\m_67globaltel_b.jpg <-- Phonetrade /phonetrade/phonetrade.cc/www/images/MainImage m_67globaltel_b.jpg
105.08.24 15:17 B D:\phonetrade\images\MainImage\m_68bluestar_b.jpg <-- Phonetrade /phonetrade/phonetrade.cc/www/images/MainImage m_68bluestar_b.jpg
105.08.24 15:17 B D:\phonetrade\images\MainImage\m_68Bluestar_big.jpg <-- Phonetrade /phonetrade/phonetrade.cc/www/images/MainImage m_68Bluestar_big.jpg
105.08.24 15:17 B D:\phonetrade\images\MainImage\m_69axiom_b.jpg <-- Phonetrade /phonetrade/phonetrade.cc/www/images/MainImage m_69axiom_b.jpg
105.08.24 15:17 B D:\phonetrade\images\MainImage\m_6btn_submit.jpg <-- Phonetrade /phonetrade/phonetrade.cc/www/images/MainImage m_6btn_submit.jpg
105.08.24 15:17 B D:\phonetrade\images\MainImage\m_6footerbg.jpg <-- Phonetrade /phonetrade/phonetrade.cc/www/images/MainImage m_6footerbg.jpg
105.08.24 15:17 B D:\phonetrade\images\MainImage\m_70gsmexport_b.jpg <-- Phonetrade /phonetrade/phonetrade.cc/www/images/MainImage m_70gsmexport_b.jpg
105.08.24 15:17 B D:\phonetrade\images\MainImage\m_71imex_b.jpg <-- Phonetrade /phonetrade/phonetrade.cc/www/images/MainImage m_71imex_b.jpg
105.08.24 15:17 B D:\phonetrade\images\MainImage\m_72incodirect.jpg <-- Phonetrade /phonetrade/phonetrade.cc/www/images/MainImage m_72incodirect.jpg
105.08.24 15:17 B D:\phonetrade\images\MainImage\m_73insignia_b.jpg <-- Phonetrade /phonetrade/phonetrade.cc/www/images/MainImage m_73insignia_b.jpg
105.08.24 15:17 B D:\phonetrade\images\MainImage\m_73insignia_big.jpg <-- Phonetrade /phonetrade/phonetrade.cc/www/images/MainImage m_73insignia_big.jpg
105.08.24 15:17 B D:\phonetrade\images\MainImage\m_74intercom.jpg <-- Phonetrade /phonetrade/phonetrade.cc/www/images/MainImage m_74intercom.jpg
105.08.24 15:17 B D:\phonetrade\images\MainImage\m_75ixes_b.jpg <-- Phonetrade /phonetrade/phonetrade.cc/www/images/MainImage m_75ixes_b.jpg
105.08.24 15:17 B D:\phonetrade\images\MainImage\m_76letting.jpg <-- Phonetrade /phonetrade/phonetrade.cc/www/images/MainImage m_76letting.jpg
105.08.24 15:17 B D:\phonetrade\images\MainImage\m_76letting_b.jpg <-- Phonetrade /phonetrade/phonetrade.cc/www/images/MainImage m_76letting_b.jpg
105.08.24 15:17 B D:\phonetrade\images\MainImage\m_77midcom_b.jpg <-- Phonetrade /phonetrade/phonetrade.cc/www/images/MainImage m_77midcom_b.jpg
105.08.24 15:17 B D:\phonetrade\images\MainImage\m_78me365_b.jpg <-- Phonetrade /phonetrade/phonetrade.cc/www/images/MainImage m_78me365_b.jpg
105.08.24 15:17 B D:\phonetrade\images\MainImage\m_79movil200_b.jpg <-- Phonetrade /phonetrade/phonetrade.cc/www/images/MainImage m_79movil200_b.jpg
105.08.24 15:17 B D:\phonetrade\images\MainImage\m_7DDC.jpg <-- Phonetrade /phonetrade/phonetrade.cc/www/images/MainImage m_7DDC.jpg
105.08.24 15:17 B D:\phonetrade\images\MainImage\m_80noon2000_b.jpg <-- Phonetrade /phonetrade/phonetrade.cc/www/images/MainImage m_80noon2000_b.jpg
105.08.24 15:17 B D:\phonetrade\images\MainImage\m_82sanda.jpg <-- Phonetrade /phonetrade/phonetrade.cc/www/images/MainImage m_82sanda.jpg
105.08.24 15:17 B D:\phonetrade\images\MainImage\m_83sprintcommun_big.jpg <-- Phonetrade /phonetrade/phonetrade.cc/www/images/MainImage m_83sprintcommun_big.jpg
105.08.24 15:18 B D:\phonetrade\images\MainImage\m_83spront_b.jpg <-- Phonetrade /phonetrade/phonetrade.cc/www/images/MainImage m_83spront_b.jpg
105.08.24 15:18 B D:\phonetrade\images\MainImage\m_84svensonuk_b.jpg <-- Phonetrade /phonetrade/phonetrade.cc/www/images/MainImage m_84svensonuk_b.jpg
105.08.24 15:18 B D:\phonetrade\images\MainImage\m_85tenardier_b.jpg <-- Phonetrade /phonetrade/phonetrade.cc/www/images/MainImage m_85tenardier_b.jpg
105.08.24 15:18 B D:\phonetrade\images\MainImage\m_86top_telecomb.jpg <-- Phonetrade /phonetrade/phonetrade.cc/www/images/MainImage m_86top_telecomb.jpg
105.08.24 15:18 B D:\phonetrade\images\MainImage\m_86toptelecom_big.jpg <-- Phonetrade /phonetrade/phonetrade.cc/www/images/MainImage m_86toptelecom_big.jpg
105.08.24 15:18 B D:\phonetrade\images\MainImage\m_87worldcel_b.jpg <-- Phonetrade /phonetrade/phonetrade.cc/www/images/MainImage m_87worldcel_b.jpg
105.08.24 15:18 B D:\phonetrade\images\MainImage\m_88worldcom_b.jpg <-- Phonetrade /phonetrade/phonetrade.cc/www/images/MainImage m_88worldcom_b.jpg
105.08.24 15:18 B D:\phonetrade\images\MainImage\m_90forward_logist.jpg <-- Phonetrade /phonetrade/phonetrade.cc/www/images/MainImage m_90forward_logist.jpg
105.08.24 15:18 B D:\phonetrade\images\MainImage\m_92pfs_big.jpg <-- Phonetrade /phonetrade/phonetrade.cc/www/images/MainImage m_92pfs_big.jpg
105.08.24 15:18 B D:\phonetrade\images\MainImage\m_93MIK_big.jpg <-- Phonetrade /phonetrade/phonetrade.cc/www/images/MainImage m_93MIK_big.jpg
105.08.24 15:18 B D:\phonetrade\images\MainImage\m_94celltel_big.jpg <-- Phonetrade /phonetrade/phonetrade.cc/www/images/MainImage m_94celltel_big.jpg
105.08.24 15:18 B D:\phonetrade\images\MainImage\m_97fast_track.jpg <-- Phonetrade /phonetrade/phonetrade.cc/www/images/MainImage m_97fast_track.jpg
105.08.24 15:18 B D:\phonetrade\images\MainImage\m_98matrixx_big.jpg <-- Phonetrade /phonetrade/phonetrade.cc/www/images/MainImage m_98matrixx_big.jpg
105.08.24 15:18 B D:\phonetrade\images\MainImage\m_99beltel_big.jpg <-- Phonetrade /phonetrade/phonetrade.cc/www/images/MainImage m_99beltel_big.jpg
105.08.24 15:18 B D:\phonetrade\images\MainImage\m_9ixes.jpg <-- Phonetrade /phonetrade/phonetrade.cc/www/images/MainImage m_9ixes.jpg
105.08.24 15:18 B D:\phonetrade\images\MainImage\noimage_big.gif <-- Phonetrade /phonetrade/phonetrade.cc/www/images/MainImage noimage_big.gif
105.08.24 15:18 B D:\phonetrade\images\MainImage\online.jpg <-- Phonetrade /phonetrade/phonetrade.cc/www/images/MainImage online.jpg
