105.09.08 12:46 B D:\UaeProp080905\Mobiles\Images\Models\m_1600big.jpg <-- uae /uaeproperty_main/uaeproperty.com/www/Mobiles/Images/Models m_1600big.jpg
105.09.08 12:46 B D:\UaeProp080905\Mobiles\Images\Models\m_6111big.jpg <-- uae /uaeproperty_main/uaeproperty.com/www/Mobiles/Images/Models m_6111big.jpg
105.09.08 12:46 B D:\UaeProp080905\Mobiles\Images\Models\m_6270big.jpg <-- uae /uaeproperty_main/uaeproperty.com/www/Mobiles/Images/Models m_6270big.jpg
105.09.08 12:46 B D:\UaeProp080905\Mobiles\Images\Models\m_6280big.jpg <-- uae /uaeproperty_main/uaeproperty.com/www/Mobiles/Images/Models m_6280big.jpg
105.09.08 12:46 B D:\UaeProp080905\Mobiles\Images\Models\m_6682-275b.jpg <-- uae /uaeproperty_main/uaeproperty.com/www/Mobiles/Images/Models m_6682-275b.jpg
105.09.08 12:46 B D:\UaeProp080905\Mobiles\Images\Models\m_a1223.gif <-- uae /uaeproperty_main/uaeproperty.com/www/Mobiles/Images/Models m_a1223.gif
105.09.08 12:46 B D:\UaeProp080905\Mobiles\Images\Models\m_back.gif <-- uae /uaeproperty_main/uaeproperty.com/www/Mobiles/Images/Models m_back.gif
105.09.08 12:46 B D:\UaeProp080905\Mobiles\Images\Models\m_cf110-275.jpg <-- uae /uaeproperty_main/uaeproperty.com/www/Mobiles/Images/Models m_cf110-275.jpg
105.09.08 12:46 B D:\UaeProp080905\Mobiles\Images\Models\m_CF75.jpg <-- uae /uaeproperty_main/uaeproperty.com/www/Mobiles/Images/Models m_CF75.jpg
105.09.08 12:46 B D:\UaeProp080905\Mobiles\Images\Models\m_D550_big.jpg <-- uae /uaeproperty_main/uaeproperty.com/www/Mobiles/Images/Models m_D550_big.jpg
105.09.08 12:47 B D:\UaeProp080905\Mobiles\Images\Models\m_d600fron.jpg <-- uae /uaeproperty_main/uaeproperty.com/www/Mobiles/Images/Models m_d600fron.jpg
105.09.08 12:47 B D:\UaeProp080905\Mobiles\Images\Models\m_e350-275.jpg <-- uae /uaeproperty_main/uaeproperty.com/www/Mobiles/Images/Models m_e350-275.jpg
105.09.08 12:47 B D:\UaeProp080905\Mobiles\Images\Models\m_e530-275.jpg <-- uae /uaeproperty_main/uaeproperty.com/www/Mobiles/Images/Models m_e530-275.jpg
105.09.08 12:47 B D:\UaeProp080905\Mobiles\Images\Models\m_E730big.jpg <-- uae /uaeproperty_main/uaeproperty.com/www/Mobiles/Images/Models m_E730big.jpg
105.09.08 12:47 B D:\UaeProp080905\Mobiles\Images\Models\m_hst600_01.jpg <-- uae /uaeproperty_main/uaeproperty.com/www/Mobiles/Images/Models m_hst600_01.jpg
105.09.08 12:47 B D:\UaeProp080905\Mobiles\Images\Models\m_i750big.jpg <-- uae /uaeproperty_main/uaeproperty.com/www/Mobiles/Images/Models m_i750big.jpg
105.09.08 12:47 B D:\UaeProp080905\Mobiles\Images\Models\m_i750front.jpg <-- uae /uaeproperty_main/uaeproperty.com/www/Mobiles/Images/Models m_i750front.jpg
105.09.08 12:47 B D:\UaeProp080905\Mobiles\Images\Models\m_lg-pm225-275.jpg <-- uae /uaeproperty_main/uaeproperty.com/www/Mobiles/Images/Models m_lg-pm225-275.jpg
105.09.08 12:47 B D:\UaeProp080905\Mobiles\Images\Models\m_lg-u8200-275a.jpg <-- uae /uaeproperty_main/uaeproperty.com/www/Mobiles/Images/Models m_lg-u8200-275a.jpg
105.09.08 12:47 B D:\UaeProp080905\Mobiles\Images\Models\m_LG.gif <-- uae /uaeproperty_main/uaeproperty.com/www/Mobiles/Images/Models m_LG.gif
105.09.08 12:47 B D:\UaeProp080905\Mobiles\Images\Models\m_lg5500_00.jpg <-- uae /uaeproperty_main/uaeproperty.com/www/Mobiles/Images/Models m_lg5500_00.jpg
105.09.08 12:47 B D:\UaeProp080905\Mobiles\Images\Models\m_LG_A7150.jpg <-- uae /uaeproperty_main/uaeproperty.com/www/Mobiles/Images/Models m_LG_A7150.jpg
105.09.08 12:47 B D:\UaeProp080905\Mobiles\Images\Models\m_LG_B2100.jpg <-- uae /uaeproperty_main/uaeproperty.com/www/Mobiles/Images/Models m_LG_B2100.jpg
105.09.08 12:47 B D:\UaeProp080905\Mobiles\Images\Models\m_LG_C2200.jpg <-- uae /uaeproperty_main/uaeproperty.com/www/Mobiles/Images/Models m_LG_C2200.jpg
105.09.08 12:47 B D:\UaeProp080905\Mobiles\Images\Models\m_LG_C3400.jpg <-- uae /uaeproperty_main/uaeproperty.com/www/Mobiles/Images/Models m_LG_C3400.jpg
105.09.08 12:47 B D:\UaeProp080905\Mobiles\Images\Models\m_LG_F2100.jpg <-- uae /uaeproperty_main/uaeproperty.com/www/Mobiles/Images/Models m_LG_F2100.jpg
105.09.08 12:47 B D:\UaeProp080905\Mobiles\Images\Models\m_LG_F2400.jpg <-- uae /uaeproperty_main/uaeproperty.com/www/Mobiles/Images/Models m_LG_F2400.jpg
105.09.08 12:47 B D:\UaeProp080905\Mobiles\Images\Models\m_LG_G1610.jpg <-- uae /uaeproperty_main/uaeproperty.com/www/Mobiles/Images/Models m_LG_G1610.jpg
105.09.08 12:47 B D:\UaeProp080905\Mobiles\Images\Models\m_LG_G7200.jpg <-- uae /uaeproperty_main/uaeproperty.com/www/Mobiles/Images/Models m_LG_G7200.jpg
105.09.08 12:47 B D:\UaeProp080905\Mobiles\Images\Models\m_lg_hai.gif <-- uae /uaeproperty_main/uaeproperty.com/www/Mobiles/Images/Models m_lg_hai.gif
105.09.08 12:47 B D:\UaeProp080905\Mobiles\Images\Models\m_LG_L3100.jpg <-- uae /uaeproperty_main/uaeproperty.com/www/Mobiles/Images/Models m_LG_L3100.jpg
105.09.08 12:47 B D:\UaeProp080905\Mobiles\Images\Models\m_LG_L342i.jpg <-- uae /uaeproperty_main/uaeproperty.com/www/Mobiles/Images/Models m_LG_L342i.jpg
105.09.08 12:47 B D:\UaeProp080905\Mobiles\Images\Models\m_LG_M4410.jpg <-- uae /uaeproperty_main/uaeproperty.com/www/Mobiles/Images/Models m_LG_M4410.jpg
105.09.08 12:47 B D:\UaeProp080905\Mobiles\Images\Models\m_LG_T5100.jpg <-- uae /uaeproperty_main/uaeproperty.com/www/Mobiles/Images/Models m_LG_T5100.jpg
105.09.08 12:47 B D:\UaeProp080905\Mobiles\Images\Models\m_LG_U8180.jpg <-- uae /uaeproperty_main/uaeproperty.com/www/Mobiles/Images/Models m_LG_U8180.jpg
105.09.08 12:47 B D:\UaeProp080905\Mobiles\Images\Models\m_lgu8360-275.jpg <-- uae /uaeproperty_main/uaeproperty.com/www/Mobiles/Images/Models m_lgu8360-275.jpg
105.09.08 12:47 B D:\UaeProp080905\Mobiles\Images\Models\m_lgu8380-275.jpg <-- uae /uaeproperty_main/uaeproperty.com/www/Mobiles/Images/Models m_lgu8380-275.jpg
105.09.08 12:47 B D:\UaeProp080905\Mobiles\Images\Models\m_m_nokia.gif <-- uae /uaeproperty_main/uaeproperty.com/www/Mobiles/Images/Models m_m_nokia.gif
105.09.08 12:47 B D:\UaeProp080905\Mobiles\Images\Models\m_m_se_w800i_big.jpg <-- uae /uaeproperty_main/uaeproperty.com/www/Mobiles/Images/Models m_m_se_w800i_big.jpg
105.09.08 12:47 B D:\UaeProp080905\Mobiles\Images\Models\m_m_sonyeric.gif <-- uae /uaeproperty_main/uaeproperty.com/www/Mobiles/Images/Models m_m_sonyeric.gif
105.09.08 12:47 B D:\UaeProp080905\Mobiles\Images\Models\m_moto-a910-275.jpg <-- uae /uaeproperty_main/uaeproperty.com/www/Mobiles/Images/Models m_moto-a910-275.jpg
105.09.08 12:47 B D:\UaeProp080905\Mobiles\Images\Models\m_motorola-L6-275.jpg <-- uae /uaeproperty_main/uaeproperty.com/www/Mobiles/Images/Models m_motorola-L6-275.jpg
105.09.08 12:47 B D:\UaeProp080905\Mobiles\Images\Models\m_Motorola.gif <-- uae /uaeproperty_main/uaeproperty.com/www/Mobiles/Images/Models m_Motorola.gif
105.09.08 12:48 B D:\UaeProp080905\Mobiles\Images\Models\m_motorola_A1000.jpg <-- uae /uaeproperty_main/uaeproperty.com/www/Mobiles/Images/Models m_motorola_A1000.jpg
105.09.08 12:48 B D:\UaeProp080905\Mobiles\Images\Models\m_motorola_A1010.jpg <-- uae /uaeproperty_main/uaeproperty.com/www/Mobiles/Images/Models m_motorola_A1010.jpg
105.09.08 12:48 B D:\UaeProp080905\Mobiles\Images\Models\m_motorola_A630.jpg <-- uae /uaeproperty_main/uaeproperty.com/www/Mobiles/Images/Models m_motorola_A630.jpg
105.09.08 12:48 B D:\UaeProp080905\Mobiles\Images\Models\m_motorola_A768i.jpg <-- uae /uaeproperty_main/uaeproperty.com/www/Mobiles/Images/Models m_motorola_A768i.jpg
105.09.08 12:48 B D:\UaeProp080905\Mobiles\Images\Models\m_motorola_C975.jpg <-- uae /uaeproperty_main/uaeproperty.com/www/Mobiles/Images/Models m_motorola_C975.jpg
105.09.08 12:48 B D:\UaeProp080905\Mobiles\Images\Models\m_motorola_C980.jpg <-- uae /uaeproperty_main/uaeproperty.com/www/Mobiles/Images/Models m_motorola_C980.jpg
105.09.08 12:48 B D:\UaeProp080905\Mobiles\Images\Models\m_motorola_E1060.jpg <-- uae /uaeproperty_main/uaeproperty.com/www/Mobiles/Images/Models m_motorola_E1060.jpg
105.09.08 12:48 B D:\UaeProp080905\Mobiles\Images\Models\m_motorola_E1120.jpg <-- uae /uaeproperty_main/uaeproperty.com/www/Mobiles/Images/Models m_motorola_E1120.jpg
105.09.08 12:48 B D:\UaeProp080905\Mobiles\Images\Models\m_motorola_MPx.jpg <-- uae /uaeproperty_main/uaeproperty.com/www/Mobiles/Images/Models m_motorola_MPx.jpg
105.09.08 12:48 B D:\UaeProp080905\Mobiles\Images\Models\m_motorola_MPx100.jpg <-- uae /uaeproperty_main/uaeproperty.com/www/Mobiles/Images/Models m_motorola_MPx100.jpg
105.09.08 12:48 B D:\UaeProp080905\Mobiles\Images\Models\m_motorola_MPx220.jpg <-- uae /uaeproperty_main/uaeproperty.com/www/Mobiles/Images/Models m_motorola_MPx220.jpg
105.09.08 12:48 B D:\UaeProp080905\Mobiles\Images\Models\m_motorola_V6.jpg <-- uae /uaeproperty_main/uaeproperty.com/www/Mobiles/Images/Models m_motorola_V6.jpg
105.09.08 12:48 B D:\UaeProp080905\Mobiles\Images\Models\m_motorola_V8.jpg <-- uae /uaeproperty_main/uaeproperty.com/www/Mobiles/Images/Models m_motorola_V8.jpg
105.09.08 12:48 B D:\UaeProp080905\Mobiles\Images\Models\m_motorola_V975.jpg <-- uae /uaeproperty_main/uaeproperty.com/www/Mobiles/Images/Models m_motorola_V975.jpg
105.09.08 12:48 B D:\UaeProp080905\Mobiles\Images\Models\m_motorolaV1050big.jpg <-- uae /uaeproperty_main/uaeproperty.com/www/Mobiles/Images/Models m_motorolaV1050big.jpg
105.09.08 12:48 B D:\UaeProp080905\Mobiles\Images\Models\m_mtorolamotoq-275.jpg <-- uae /uaeproperty_main/uaeproperty.com/www/Mobiles/Images/Models m_mtorolamotoq-275.jpg
105.09.08 12:48 B D:\UaeProp080905\Mobiles\Images\Models\m_n6060-275.jpg <-- uae /uaeproperty_main/uaeproperty.com/www/Mobiles/Images/Models m_n6060-275.jpg
105.09.08 12:48 B D:\UaeProp080905\Mobiles\Images\Models\m_N70small.jpg <-- uae /uaeproperty_main/uaeproperty.com/www/Mobiles/Images/Models m_N70small.jpg
105.09.08 12:48 B D:\UaeProp080905\Mobiles\Images\Models\m_N90.jpg <-- uae /uaeproperty_main/uaeproperty.com/www/Mobiles/Images/Models m_N90.jpg
105.09.08 12:48 B D:\UaeProp080905\Mobiles\Images\Models\m_N91big.jpg <-- uae /uaeproperty_main/uaeproperty.com/www/Mobiles/Images/Models m_N91big.jpg
105.09.08 12:48 B D:\UaeProp080905\Mobiles\Images\Models\m_nk8800_big.jpg <-- uae /uaeproperty_main/uaeproperty.com/www/Mobiles/Images/Models m_nk8800_big.jpg
105.09.08 12:48 B D:\UaeProp080905\Mobiles\Images\Models\m_no6680.gif <-- uae /uaeproperty_main/uaeproperty.com/www/Mobiles/Images/Models m_no6680.gif
105.09.08 12:48 B D:\UaeProp080905\Mobiles\Images\Models\m_nok1110_big.jpg <-- uae /uaeproperty_main/uaeproperty.com/www/Mobiles/Images/Models m_nok1110_big.jpg
105.09.08 12:48 B D:\UaeProp080905\Mobiles\Images\Models\m_nok6101_big.jpg <-- uae /uaeproperty_main/uaeproperty.com/www/Mobiles/Images/Models m_nok6101_big.jpg
105.09.08 12:48 B D:\UaeProp080905\Mobiles\Images\Models\m_nokia-6030-275.jpg <-- uae /uaeproperty_main/uaeproperty.com/www/Mobiles/Images/Models m_nokia-6030-275.jpg
105.09.08 12:48 B D:\UaeProp080905\Mobiles\Images\Models\m_nokia-6230i-275.jpg <-- uae /uaeproperty_main/uaeproperty.com/www/Mobiles/Images/Models m_nokia-6230i-275.jpg
105.09.08 12:48 B D:\UaeProp080905\Mobiles\Images\Models\m_nokia6170.jpg <-- uae /uaeproperty_main/uaeproperty.com/www/Mobiles/Images/Models m_nokia6170.jpg
105.09.08 12:48 B D:\UaeProp080905\Mobiles\Images\Models\m_nokia6680.jpg <-- uae /uaeproperty_main/uaeproperty.com/www/Mobiles/Images/Models m_nokia6680.jpg
105.09.08 12:48 B D:\UaeProp080905\Mobiles\Images\Models\m_nokia_2600.jpg <-- uae /uaeproperty_main/uaeproperty.com/www/Mobiles/Images/Models m_nokia_2600.jpg
105.09.08 12:48 B D:\UaeProp080905\Mobiles\Images\Models\m_nokia_2650.jpg <-- uae /uaeproperty_main/uaeproperty.com/www/Mobiles/Images/Models m_nokia_2650.jpg
105.09.08 12:48 B D:\UaeProp080905\Mobiles\Images\Models\m_nokia_3120.jpg <-- uae /uaeproperty_main/uaeproperty.com/www/Mobiles/Images/Models m_nokia_3120.jpg
105.09.08 12:48 B D:\UaeProp080905\Mobiles\Images\Models\m_nokia_3128.jpg <-- uae /uaeproperty_main/uaeproperty.com/www/Mobiles/Images/Models m_nokia_3128.jpg
105.09.08 12:48 B D:\UaeProp080905\Mobiles\Images\Models\m_nokia_3128new.jpg <-- uae /uaeproperty_main/uaeproperty.com/www/Mobiles/Images/Models m_nokia_3128new.jpg
105.09.08 12:48 B D:\UaeProp080905\Mobiles\Images\Models\m_nokia_3220.jpg <-- uae /uaeproperty_main/uaeproperty.com/www/Mobiles/Images/Models m_nokia_3220.jpg
105.09.08 12:49 B D:\UaeProp080905\Mobiles\Images\Models\m_nokia_3230.jpg <-- uae /uaeproperty_main/uaeproperty.com/www/Mobiles/Images/Models m_nokia_3230.jpg
105.09.08 12:49 B D:\UaeProp080905\Mobiles\Images\Models\m_nokia_5140.jpg <-- uae /uaeproperty_main/uaeproperty.com/www/Mobiles/Images/Models m_nokia_5140.jpg
105.09.08 12:49 B D:\UaeProp080905\Mobiles\Images\Models\m_nokia_6020.jpg <-- uae /uaeproperty_main/uaeproperty.com/www/Mobiles/Images/Models m_nokia_6020.jpg
105.09.08 12:49 B D:\UaeProp080905\Mobiles\Images\Models\m_nokia_6170.jpg <-- uae /uaeproperty_main/uaeproperty.com/www/Mobiles/Images/Models m_nokia_6170.jpg
105.09.08 12:49 B D:\UaeProp080905\Mobiles\Images\Models\m_nokia_6260.jpg <-- uae /uaeproperty_main/uaeproperty.com/www/Mobiles/Images/Models m_nokia_6260.jpg
105.09.08 12:49 B D:\UaeProp080905\Mobiles\Images\Models\m_nokia_6630.jpg <-- uae /uaeproperty_main/uaeproperty.com/www/Mobiles/Images/Models m_nokia_6630.jpg
105.09.08 12:49 B D:\UaeProp080905\Mobiles\Images\Models\m_nokia_6670.jpg <-- uae /uaeproperty_main/uaeproperty.com/www/Mobiles/Images/Models m_nokia_6670.jpg
105.09.08 12:49 B D:\UaeProp080905\Mobiles\Images\Models\m_nokia_6681.jpg <-- uae /uaeproperty_main/uaeproperty.com/www/Mobiles/Images/Models m_nokia_6681.jpg
105.09.08 12:49 B D:\UaeProp080905\Mobiles\Images\Models\m_nokia_6822.jpg <-- uae /uaeproperty_main/uaeproperty.com/www/Mobiles/Images/Models m_nokia_6822.jpg
105.09.08 12:49 B D:\UaeProp080905\Mobiles\Images\Models\m_nokia_7260.jpg <-- uae /uaeproperty_main/uaeproperty.com/www/Mobiles/Images/Models m_nokia_7260.jpg
105.09.08 12:49 B D:\UaeProp080905\Mobiles\Images\Models\m_nokia_7270.jpg <-- uae /uaeproperty_main/uaeproperty.com/www/Mobiles/Images/Models m_nokia_7270.jpg
105.09.08 12:49 B D:\UaeProp080905\Mobiles\Images\Models\m_nokia_7280.jpg <-- uae /uaeproperty_main/uaeproperty.com/www/Mobiles/Images/Models m_nokia_7280.jpg
105.09.08 12:49 B D:\UaeProp080905\Mobiles\Images\Models\m_nokia_7610.jpg <-- uae /uaeproperty_main/uaeproperty.com/www/Mobiles/Images/Models m_nokia_7610.jpg
105.09.08 12:49 B D:\UaeProp080905\Mobiles\Images\Models\m_nokia_7710.jpg <-- uae /uaeproperty_main/uaeproperty.com/www/Mobiles/Images/Models m_nokia_7710.jpg
105.09.08 12:49 B D:\UaeProp080905\Mobiles\Images\Models\m_nokia_9300.jpg <-- uae /uaeproperty_main/uaeproperty.com/www/Mobiles/Images/Models m_nokia_9300.jpg
105.09.08 12:49 B D:\UaeProp080905\Mobiles\Images\Models\m_nokia_9500.jpg <-- uae /uaeproperty_main/uaeproperty.com/www/Mobiles/Images/Models m_nokia_9500.jpg
105.09.08 12:49 B D:\UaeProp080905\Mobiles\Images\Models\m_O2.gif <-- uae /uaeproperty_main/uaeproperty.com/www/Mobiles/Images/Models m_O2.gif
105.09.08 12:49 B D:\UaeProp080905\Mobiles\Images\Models\m_O2_X1i.jpg <-- uae /uaeproperty_main/uaeproperty.com/www/Mobiles/Images/Models m_O2_X1i.jpg
105.09.08 12:49 B D:\UaeProp080905\Mobiles\Images\Models\m_O2_X2.jpg <-- uae /uaeproperty_main/uaeproperty.com/www/Mobiles/Images/Models m_O2_X2.jpg
105.09.08 12:49 B D:\UaeProp080905\Mobiles\Images\Models\m_O2_XDA IIi.jpg <-- uae /uaeproperty_main/uaeproperty.com/www/Mobiles/Images/Models m_O2_XDA IIi.jpg
105.09.08 12:49 B D:\UaeProp080905\Mobiles\Images\Models\m_O2_XDA IIs.jpg <-- uae /uaeproperty_main/uaeproperty.com/www/Mobiles/Images/Models m_O2_XDA IIs.jpg
105.09.08 12:49 B D:\UaeProp080905\Mobiles\Images\Models\m_O2_XDA.jpg <-- uae /uaeproperty_main/uaeproperty.com/www/Mobiles/Images/Models m_O2_XDA.jpg
105.09.08 12:49 B D:\UaeProp080905\Mobiles\Images\Models\m_O2_XDA_II.jpg <-- uae /uaeproperty_main/uaeproperty.com/www/Mobiles/Images/Models m_O2_XDA_II.jpg
105.09.08 12:49 B D:\UaeProp080905\Mobiles\Images\Models\m_O2_Xphone.jpg <-- uae /uaeproperty_main/uaeproperty.com/www/Mobiles/Images/Models m_O2_Xphone.jpg
105.09.08 12:49 B D:\UaeProp080905\Mobiles\Images\Models\m_O2_XphoneII.jpg <-- uae /uaeproperty_main/uaeproperty.com/www/Mobiles/Images/Models m_O2_XphoneII.jpg
105.09.08 12:49 B D:\UaeProp080905\Mobiles\Images\Models\m_O2xda2minibig.jpg <-- uae /uaeproperty_main/uaeproperty.com/www/Mobiles/Images/Models m_O2xda2minibig.jpg
105.09.08 12:49 B D:\UaeProp080905\Mobiles\Images\Models\m_P850_big.jpg <-- uae /uaeproperty_main/uaeproperty.com/www/Mobiles/Images/Models m_P850_big.jpg
105.09.08 12:49 B D:\UaeProp080905\Mobiles\Images\Models\m_P860BIG.jpg <-- uae /uaeproperty_main/uaeproperty.com/www/Mobiles/Images/Models m_P860BIG.jpg
105.09.08 12:49 B D:\UaeProp080905\Mobiles\Images\Models\m_RAZRblk-275.jpg <-- uae /uaeproperty_main/uaeproperty.com/www/Mobiles/Images/Models m_RAZRblk-275.jpg
105.09.08 12:49 B D:\UaeProp080905\Mobiles\Images\Models\m_samsung-e750-275.jpg <-- uae /uaeproperty_main/uaeproperty.com/www/Mobiles/Images/Models m_samsung-e750-275.jpg
105.09.08 12:49 B D:\UaeProp080905\Mobiles\Images\Models\m_Samsung.gif <-- uae /uaeproperty_main/uaeproperty.com/www/Mobiles/Images/Models m_Samsung.gif
105.09.08 12:49 B D:\UaeProp080905\Mobiles\Images\Models\m_samsung_d500.jpg <-- uae /uaeproperty_main/uaeproperty.com/www/Mobiles/Images/Models m_samsung_d500.jpg
105.09.08 12:49 B D:\UaeProp080905\Mobiles\Images\Models\m_samsung_d720.jpg <-- uae /uaeproperty_main/uaeproperty.com/www/Mobiles/Images/Models m_samsung_d720.jpg
105.09.08 12:49 B D:\UaeProp080905\Mobiles\Images\Models\m_samsung_e720.jpg <-- uae /uaeproperty_main/uaeproperty.com/www/Mobiles/Images/Models m_samsung_e720.jpg
105.09.08 12:49 B D:\UaeProp080905\Mobiles\Images\Models\m_samsung_x460.jpg <-- uae /uaeproperty_main/uaeproperty.com/www/Mobiles/Images/Models m_samsung_x460.jpg
105.09.08 12:50 B D:\UaeProp080905\Mobiles\Images\Models\m_samsung_z300.jpg <-- uae /uaeproperty_main/uaeproperty.com/www/Mobiles/Images/Models m_samsung_z300.jpg
105.09.08 12:50 B D:\UaeProp080905\Mobiles\Images\Models\m_samsung_z500.jpg <-- uae /uaeproperty_main/uaeproperty.com/www/Mobiles/Images/Models m_samsung_z500.jpg
105.09.08 12:50 B D:\UaeProp080905\Mobiles\Images\Models\m_se-s600-275.jpg <-- uae /uaeproperty_main/uaeproperty.com/www/Mobiles/Images/Models m_se-s600-275.jpg
105.09.08 12:50 B D:\UaeProp080905\Mobiles\Images\Models\m_se-Z520-275.jpg <-- uae /uaeproperty_main/uaeproperty.com/www/Mobiles/Images/Models m_se-Z520-275.jpg
105.09.08 12:50 B D:\UaeProp080905\Mobiles\Images\Models\m_se_k300.jpg <-- uae /uaeproperty_main/uaeproperty.com/www/Mobiles/Images/Models m_se_k300.jpg
105.09.08 12:50 B D:\UaeProp080905\Mobiles\Images\Models\m_se_k600.jpg <-- uae /uaeproperty_main/uaeproperty.com/www/Mobiles/Images/Models m_se_k600.jpg
105.09.08 12:50 B D:\UaeProp080905\Mobiles\Images\Models\m_se_K700.jpg <-- uae /uaeproperty_main/uaeproperty.com/www/Mobiles/Images/Models m_se_K700.jpg
105.09.08 12:50 B D:\UaeProp080905\Mobiles\Images\Models\m_se_K750.jpg <-- uae /uaeproperty_main/uaeproperty.com/www/Mobiles/Images/Models m_se_K750.jpg
105.09.08 12:50 B D:\UaeProp080905\Mobiles\Images\Models\m_se_p910.jpg <-- uae /uaeproperty_main/uaeproperty.com/www/Mobiles/Images/Models m_se_p910.jpg
105.09.08 12:50 B D:\UaeProp080905\Mobiles\Images\Models\m_se_w800.jpg <-- uae /uaeproperty_main/uaeproperty.com/www/Mobiles/Images/Models m_se_w800.jpg
105.09.08 12:50 B D:\UaeProp080905\Mobiles\Images\Models\m_se_Z600.jpg <-- uae /uaeproperty_main/uaeproperty.com/www/Mobiles/Images/Models m_se_Z600.jpg
105.09.08 12:50 B D:\UaeProp080905\Mobiles\Images\Models\m_se_z800.jpg <-- uae /uaeproperty_main/uaeproperty.com/www/Mobiles/Images/Models m_se_z800.jpg
105.09.08 12:50 B D:\UaeProp080905\Mobiles\Images\Models\m_sei-cf62-275.jpg <-- uae /uaeproperty_main/uaeproperty.com/www/Mobiles/Images/Models m_sei-cf62-275.jpg
105.09.08 12:50 B D:\UaeProp080905\Mobiles\Images\Models\m_sei-W5501-275.jpg <-- uae /uaeproperty_main/uaeproperty.com/www/Mobiles/Images/Models m_sei-W5501-275.jpg
105.09.08 12:50 B D:\UaeProp080905\Mobiles\Images\Models\m_sie-sl75-275.jpg <-- uae /uaeproperty_main/uaeproperty.com/www/Mobiles/Images/Models m_sie-sl75-275.jpg
105.09.08 12:50 B D:\UaeProp080905\Mobiles\Images\Models\m_Siemens-CF75.jpg <-- uae /uaeproperty_main/uaeproperty.com/www/Mobiles/Images/Models m_Siemens-CF75.jpg
105.09.08 12:50 B D:\UaeProp080905\Mobiles\Images\Models\m_Siemens.gif <-- uae /uaeproperty_main/uaeproperty.com/www/Mobiles/Images/Models m_Siemens.gif
105.09.08 12:50 B D:\UaeProp080905\Mobiles\Images\Models\m_siemens_A51.jpg <-- uae /uaeproperty_main/uaeproperty.com/www/Mobiles/Images/Models m_siemens_A51.jpg
105.09.08 12:50 B D:\UaeProp080905\Mobiles\Images\Models\m_siemens_A62.jpg <-- uae /uaeproperty_main/uaeproperty.com/www/Mobiles/Images/Models m_siemens_A62.jpg
105.09.08 12:50 B D:\UaeProp080905\Mobiles\Images\Models\m_siemens_A65.jpg <-- uae /uaeproperty_main/uaeproperty.com/www/Mobiles/Images/Models m_siemens_A65.jpg
105.09.08 12:50 B D:\UaeProp080905\Mobiles\Images\Models\m_Siemens_A75.jpg <-- uae /uaeproperty_main/uaeproperty.com/www/Mobiles/Images/Models m_Siemens_A75.jpg
105.09.08 12:50 B D:\UaeProp080905\Mobiles\Images\Models\m_Siemens_AX75.jpg <-- uae /uaeproperty_main/uaeproperty.com/www/Mobiles/Images/Models m_Siemens_AX75.jpg
105.09.08 12:50 B D:\UaeProp080905\Mobiles\Images\Models\m_siemens_CFX65.jpg <-- uae /uaeproperty_main/uaeproperty.com/www/Mobiles/Images/Models m_siemens_CFX65.jpg
105.09.08 12:50 B D:\UaeProp080905\Mobiles\Images\Models\m_Siemens_CX70.jpg <-- uae /uaeproperty_main/uaeproperty.com/www/Mobiles/Images/Models m_Siemens_CX70.jpg
105.09.08 12:50 B D:\UaeProp080905\Mobiles\Images\Models\m_siemens_cx70emoty.jpg <-- uae /uaeproperty_main/uaeproperty.com/www/Mobiles/Images/Models m_siemens_cx70emoty.jpg
105.09.08 12:50 B D:\UaeProp080905\Mobiles\Images\Models\m_Siemens_SF65.jpg <-- uae /uaeproperty_main/uaeproperty.com/www/Mobiles/Images/Models m_Siemens_SF65.jpg
105.09.08 12:50 B D:\UaeProp080905\Mobiles\Images\Models\m_siemens_sk65.jpg <-- uae /uaeproperty_main/uaeproperty.com/www/Mobiles/Images/Models m_siemens_sk65.jpg
105.09.08 12:50 B D:\UaeProp080905\Mobiles\Images\Models\m_siemens_sx66.jpg <-- uae /uaeproperty_main/uaeproperty.com/www/Mobiles/Images/Models m_siemens_sx66.jpg
105.09.08 12:50 B D:\UaeProp080905\Mobiles\Images\Models\m_sonyW600_big.jpg <-- uae /uaeproperty_main/uaeproperty.com/www/Mobiles/Images/Models m_sonyW600_big.jpg
105.09.08 12:50 B D:\UaeProp080905\Mobiles\Images\Models\m_sonyZ1010_big.jpg <-- uae /uaeproperty_main/uaeproperty.com/www/Mobiles/Images/Models m_sonyZ1010_big.jpg
105.09.08 12:50 B D:\UaeProp080905\Mobiles\Images\Models\m_ssg-c75-275.jpg <-- uae /uaeproperty_main/uaeproperty.com/www/Mobiles/Images/Models m_ssg-c75-275.jpg
105.09.08 12:50 B D:\UaeProp080905\Mobiles\Images\Models\m_ssg-e620-275.jpg <-- uae /uaeproperty_main/uaeproperty.com/www/Mobiles/Images/Models m_ssg-e620-275.jpg
105.09.08 12:50 B D:\UaeProp080905\Mobiles\Images\Models\m_ssg-e648-275.jpg <-- uae /uaeproperty_main/uaeproperty.com/www/Mobiles/Images/Models m_ssg-e648-275.jpg
105.09.08 12:50 B D:\UaeProp080905\Mobiles\Images\Models\m_ssg-z700-275.jpg <-- uae /uaeproperty_main/uaeproperty.com/www/Mobiles/Images/Models m_ssg-z700-275.jpg
105.09.08 12:50 B D:\UaeProp080905\Mobiles\Images\Models\m_X610big.jpg <-- uae /uaeproperty_main/uaeproperty.com/www/Mobiles/Images/Models m_X610big.jpg
105.09.08 12:51 B D:\UaeProp080905\Mobiles\Images\Models\m_X900big.jpg <-- uae /uaeproperty_main/uaeproperty.com/www/Mobiles/Images/Models m_X900big.jpg
