105.04.03 17:42 B D:\Uaeproperty\Mobiles\Images\Models\Thumb\m_CF75.jpg <-- uae /Mobiles/Images/Models/Thumb m_CF75.jpg
105.04.03 17:42 B D:\Uaeproperty\Mobiles\Images\Models\Thumb\m_lg_amoi.gif <-- uae /Mobiles/Images/Models/Thumb m_lg_amoi.gif
105.04.03 17:42 B D:\Uaeproperty\Mobiles\Images\Models\Thumb\m_lg_innos.gif <-- uae /Mobiles/Images/Models/Thumb m_lg_innos.gif
105.04.03 17:42 B D:\Uaeproperty\Mobiles\Images\Models\Thumb\m_nokia_2600.jpg <-- uae /Mobiles/Images/Models/Thumb m_nokia_2600.jpg
105.04.03 17:42 B D:\Uaeproperty\Mobiles\Images\Models\Thumb\m_nokia_2650.jpg <-- uae /Mobiles/Images/Models/Thumb m_nokia_2650.jpg
105.04.03 17:42 B D:\Uaeproperty\Mobiles\Images\Models\Thumb\m_nokia_3120.jpg <-- uae /Mobiles/Images/Models/Thumb m_nokia_3120.jpg
105.04.03 17:42 B D:\Uaeproperty\Mobiles\Images\Models\Thumb\m_nokia_3128.jpg <-- uae /Mobiles/Images/Models/Thumb m_nokia_3128.jpg
105.04.03 17:42 B D:\Uaeproperty\Mobiles\Images\Models\Thumb\m_nokia_3220.jpg <-- uae /Mobiles/Images/Models/Thumb m_nokia_3220.jpg
105.04.03 17:42 B D:\Uaeproperty\Mobiles\Images\Models\Thumb\m_nokia_3230.jpg <-- uae /Mobiles/Images/Models/Thumb m_nokia_3230.jpg
105.04.03 17:42 B D:\Uaeproperty\Mobiles\Images\Models\Thumb\m_nokia_5140.jpg <-- uae /Mobiles/Images/Models/Thumb m_nokia_5140.jpg
105.04.03 17:42 B D:\Uaeproperty\Mobiles\Images\Models\Thumb\m_nokia_6020.jpg <-- uae /Mobiles/Images/Models/Thumb m_nokia_6020.jpg
105.04.03 17:42 B D:\Uaeproperty\Mobiles\Images\Models\Thumb\m_nokia_6170.jpg <-- uae /Mobiles/Images/Models/Thumb m_nokia_6170.jpg
105.04.03 17:42 B D:\Uaeproperty\Mobiles\Images\Models\Thumb\m_nokia_6260.jpg <-- uae /Mobiles/Images/Models/Thumb m_nokia_6260.jpg
105.04.03 17:42 B D:\Uaeproperty\Mobiles\Images\Models\Thumb\m_nokia_6630.jpg <-- uae /Mobiles/Images/Models/Thumb m_nokia_6630.jpg
105.04.03 17:42 B D:\Uaeproperty\Mobiles\Images\Models\Thumb\m_nokia_6670.jpg <-- uae /Mobiles/Images/Models/Thumb m_nokia_6670.jpg
105.04.03 17:42 B D:\Uaeproperty\Mobiles\Images\Models\Thumb\m_nokia_6680.jpg <-- uae /Mobiles/Images/Models/Thumb m_nokia_6680.jpg
105.04.03 17:42 B D:\Uaeproperty\Mobiles\Images\Models\Thumb\m_nokia_6681.jpg <-- uae /Mobiles/Images/Models/Thumb m_nokia_6681.jpg
105.04.03 17:42 B D:\Uaeproperty\Mobiles\Images\Models\Thumb\m_nokia_6822.jpg <-- uae /Mobiles/Images/Models/Thumb m_nokia_6822.jpg
105.04.03 17:42 B D:\Uaeproperty\Mobiles\Images\Models\Thumb\m_nokia_7260.jpg <-- uae /Mobiles/Images/Models/Thumb m_nokia_7260.jpg
105.04.03 17:42 B D:\Uaeproperty\Mobiles\Images\Models\Thumb\m_nokia_7270.jpg <-- uae /Mobiles/Images/Models/Thumb m_nokia_7270.jpg
105.04.03 17:42 B D:\Uaeproperty\Mobiles\Images\Models\Thumb\m_nokia_7280.jpg <-- uae /Mobiles/Images/Models/Thumb m_nokia_7280.jpg
105.04.03 17:42 B D:\Uaeproperty\Mobiles\Images\Models\Thumb\m_nokia_7610.jpg <-- uae /Mobiles/Images/Models/Thumb m_nokia_7610.jpg
105.04.03 17:42 B D:\Uaeproperty\Mobiles\Images\Models\Thumb\m_nokia_7710.jpg <-- uae /Mobiles/Images/Models/Thumb m_nokia_7710.jpg
105.04.03 17:42 B D:\Uaeproperty\Mobiles\Images\Models\Thumb\m_nokia_9300.jpg <-- uae /Mobiles/Images/Models/Thumb m_nokia_9300.jpg
105.04.03 17:43 B D:\Uaeproperty\Mobiles\Images\Models\Thumb\m_nokia_9500.jpg <-- uae /Mobiles/Images/Models/Thumb m_nokia_9500.jpg
105.04.03 17:43 B D:\Uaeproperty\Mobiles\Images\Models\Thumb\m_O2_X1i.jpg <-- uae /Mobiles/Images/Models/Thumb m_O2_X1i.jpg
105.04.03 17:43 B D:\Uaeproperty\Mobiles\Images\Models\Thumb\m_O2_X2.jpg <-- uae /Mobiles/Images/Models/Thumb m_O2_X2.jpg
105.04.03 17:43 B D:\Uaeproperty\Mobiles\Images\Models\Thumb\m_O2_XDA.jpg <-- uae /Mobiles/Images/Models/Thumb m_O2_XDA.jpg
105.04.03 17:43 B D:\Uaeproperty\Mobiles\Images\Models\Thumb\m_O2_XDA_II.jpg <-- uae /Mobiles/Images/Models/Thumb m_O2_XDA_II.jpg
105.04.03 17:43 B D:\Uaeproperty\Mobiles\Images\Models\Thumb\m_O2_XDAII.jpg <-- uae /Mobiles/Images/Models/Thumb m_O2_XDAII.jpg
105.04.03 17:43 B D:\Uaeproperty\Mobiles\Images\Models\Thumb\m_O2_Xphone.jpg <-- uae /Mobiles/Images/Models/Thumb m_O2_Xphone.jpg
105.04.03 17:43 B D:\Uaeproperty\Mobiles\Images\Models\Thumb\m_O2_XphoneII.jpg <-- uae /Mobiles/Images/Models/Thumb m_O2_XphoneII.jpg
105.04.03 17:43 B D:\Uaeproperty\Mobiles\Images\Models\Thumb\m_se_k300.jpg <-- uae /Mobiles/Images/Models/Thumb m_se_k300.jpg
105.04.03 17:43 B D:\Uaeproperty\Mobiles\Images\Models\Thumb\m_se_k600.jpg <-- uae /Mobiles/Images/Models/Thumb m_se_k600.jpg
105.04.03 17:43 B D:\Uaeproperty\Mobiles\Images\Models\Thumb\m_se_K750.jpg <-- uae /Mobiles/Images/Models/Thumb m_se_K750.jpg
105.04.03 17:43 B D:\Uaeproperty\Mobiles\Images\Models\Thumb\m_se_w800.jpg <-- uae /Mobiles/Images/Models/Thumb m_se_w800.jpg
105.04.03 17:43 B D:\Uaeproperty\Mobiles\Images\Models\Thumb\m_se_z800.jpg <-- uae /Mobiles/Images/Models/Thumb m_se_z800.jpg
105.04.03 17:43 B D:\Uaeproperty\Mobiles\Images\Models\Thumb\m_Siemens-CF75.jpg <-- uae /Mobiles/Images/Models/Thumb m_Siemens-CF75.jpg
105.04.03 17:43 B D:\Uaeproperty\Mobiles\Images\Models\Thumb\m_siemens_A51.jpg <-- uae /Mobiles/Images/Models/Thumb m_siemens_A51.jpg
105.04.03 17:43 B D:\Uaeproperty\Mobiles\Images\Models\Thumb\m_siemens_A62.jpg <-- uae /Mobiles/Images/Models/Thumb m_siemens_A62.jpg
105.04.03 17:43 B D:\Uaeproperty\Mobiles\Images\Models\Thumb\m_siemens_A65.jpg <-- uae /Mobiles/Images/Models/Thumb m_siemens_A65.jpg
105.04.03 17:43 B D:\Uaeproperty\Mobiles\Images\Models\Thumb\m_Siemens_A70.jpg <-- uae /Mobiles/Images/Models/Thumb m_Siemens_A70.jpg
105.04.03 17:43 B D:\Uaeproperty\Mobiles\Images\Models\Thumb\m_Siemens_A75.jpg <-- uae /Mobiles/Images/Models/Thumb m_Siemens_A75.jpg
105.04.03 17:43 B D:\Uaeproperty\Mobiles\Images\Models\Thumb\m_Siemens_AX75.jpg <-- uae /Mobiles/Images/Models/Thumb m_Siemens_AX75.jpg
105.04.03 17:43 B D:\Uaeproperty\Mobiles\Images\Models\Thumb\m_siemens_CTX65.jpg <-- uae /Mobiles/Images/Models/Thumb m_siemens_CTX65.jpg
105.04.03 17:43 B D:\Uaeproperty\Mobiles\Images\Models\Thumb\m_siemens_cx70.jpg <-- uae /Mobiles/Images/Models/Thumb m_siemens_cx70.jpg
105.04.03 17:43 B D:\Uaeproperty\Mobiles\Images\Models\Thumb\m_siemens_cx70emoty.jpg <-- uae /Mobiles/Images/Models/Thumb m_siemens_cx70emoty.jpg
105.04.03 17:43 B D:\Uaeproperty\Mobiles\Images\Models\Thumb\m_siemens_sf65.jpg <-- uae /Mobiles/Images/Models/Thumb m_siemens_sf65.jpg
105.04.03 17:43 B D:\Uaeproperty\Mobiles\Images\Models\Thumb\m_siemens_sk65.jpg <-- uae /Mobiles/Images/Models/Thumb m_siemens_sk65.jpg
105.04.03 17:43 B D:\Uaeproperty\Mobiles\Images\Models\Thumb\m_siemens_sx66.jpg <-- uae /Mobiles/Images/Models/Thumb m_siemens_sx66.jpg
105.04.20 07:25 B F:\CD\Uaeproperty03-04-05\Mobiles\Images\Models\Thumb\m_CF75.jpg --> uaeproperty.com /uaeproperty_main/uaeproperty.com/www/Mobiles/Images/Models/Thumb m_CF75.jpg
105.04.20 07:25 B F:\CD\Uaeproperty03-04-05\Mobiles\Images\Models\Thumb\m_lg_amoi.gif --> uaeproperty.com /uaeproperty_main/uaeproperty.com/www/Mobiles/Images/Models/Thumb m_lg_amoi.gif
105.04.20 07:25 B F:\CD\Uaeproperty03-04-05\Mobiles\Images\Models\Thumb\m_lg_innos.gif --> uaeproperty.com /uaeproperty_main/uaeproperty.com/www/Mobiles/Images/Models/Thumb m_lg_innos.gif
105.04.20 07:25 B F:\CD\Uaeproperty03-04-05\Mobiles\Images\Models\Thumb\m_nokia_2600.jpg --> uaeproperty.com /uaeproperty_main/uaeproperty.com/www/Mobiles/Images/Models/Thumb m_nokia_2600.jpg
105.04.20 07:25 B F:\CD\Uaeproperty03-04-05\Mobiles\Images\Models\Thumb\m_nokia_2650.jpg --> uaeproperty.com /uaeproperty_main/uaeproperty.com/www/Mobiles/Images/Models/Thumb m_nokia_2650.jpg
105.04.20 07:25 B F:\CD\Uaeproperty03-04-05\Mobiles\Images\Models\Thumb\m_nokia_3120.jpg --> uaeproperty.com /uaeproperty_main/uaeproperty.com/www/Mobiles/Images/Models/Thumb m_nokia_3120.jpg
105.04.20 07:25 B F:\CD\Uaeproperty03-04-05\Mobiles\Images\Models\Thumb\m_nokia_3128.jpg --> uaeproperty.com /uaeproperty_main/uaeproperty.com/www/Mobiles/Images/Models/Thumb m_nokia_3128.jpg
105.04.20 07:25 B F:\CD\Uaeproperty03-04-05\Mobiles\Images\Models\Thumb\m_nokia_3220.jpg --> uaeproperty.com /uaeproperty_main/uaeproperty.com/www/Mobiles/Images/Models/Thumb m_nokia_3220.jpg
105.04.20 07:25 B F:\CD\Uaeproperty03-04-05\Mobiles\Images\Models\Thumb\m_nokia_3230.jpg --> uaeproperty.com /uaeproperty_main/uaeproperty.com/www/Mobiles/Images/Models/Thumb m_nokia_3230.jpg
105.04.20 07:25 B F:\CD\Uaeproperty03-04-05\Mobiles\Images\Models\Thumb\m_nokia_5140.jpg --> uaeproperty.com /uaeproperty_main/uaeproperty.com/www/Mobiles/Images/Models/Thumb m_nokia_5140.jpg
105.04.20 07:25 B F:\CD\Uaeproperty03-04-05\Mobiles\Images\Models\Thumb\m_nokia_6020.jpg --> uaeproperty.com /uaeproperty_main/uaeproperty.com/www/Mobiles/Images/Models/Thumb m_nokia_6020.jpg
105.04.20 07:25 B F:\CD\Uaeproperty03-04-05\Mobiles\Images\Models\Thumb\m_nokia_6170.jpg --> uaeproperty.com /uaeproperty_main/uaeproperty.com/www/Mobiles/Images/Models/Thumb m_nokia_6170.jpg
105.04.20 07:26 B F:\CD\Uaeproperty03-04-05\Mobiles\Images\Models\Thumb\m_nokia_6260.jpg --> uaeproperty.com /uaeproperty_main/uaeproperty.com/www/Mobiles/Images/Models/Thumb m_nokia_6260.jpg
105.04.20 07:26 B F:\CD\Uaeproperty03-04-05\Mobiles\Images\Models\Thumb\m_nokia_6630.jpg --> uaeproperty.com /uaeproperty_main/uaeproperty.com/www/Mobiles/Images/Models/Thumb m_nokia_6630.jpg
105.04.20 07:26 B F:\CD\Uaeproperty03-04-05\Mobiles\Images\Models\Thumb\m_nokia_6670.jpg --> uaeproperty.com /uaeproperty_main/uaeproperty.com/www/Mobiles/Images/Models/Thumb m_nokia_6670.jpg
105.04.20 07:26 B F:\CD\Uaeproperty03-04-05\Mobiles\Images\Models\Thumb\m_nokia_6680.jpg --> uaeproperty.com /uaeproperty_main/uaeproperty.com/www/Mobiles/Images/Models/Thumb m_nokia_6680.jpg
105.04.20 07:26 B F:\CD\Uaeproperty03-04-05\Mobiles\Images\Models\Thumb\m_nokia_6681.jpg --> uaeproperty.com /uaeproperty_main/uaeproperty.com/www/Mobiles/Images/Models/Thumb m_nokia_6681.jpg
105.04.20 07:26 B F:\CD\Uaeproperty03-04-05\Mobiles\Images\Models\Thumb\m_nokia_6822.jpg --> uaeproperty.com /uaeproperty_main/uaeproperty.com/www/Mobiles/Images/Models/Thumb m_nokia_6822.jpg
105.04.20 07:26 B F:\CD\Uaeproperty03-04-05\Mobiles\Images\Models\Thumb\m_nokia_7260.jpg --> uaeproperty.com /uaeproperty_main/uaeproperty.com/www/Mobiles/Images/Models/Thumb m_nokia_7260.jpg
105.04.20 07:26 B F:\CD\Uaeproperty03-04-05\Mobiles\Images\Models\Thumb\m_nokia_7270.jpg --> uaeproperty.com /uaeproperty_main/uaeproperty.com/www/Mobiles/Images/Models/Thumb m_nokia_7270.jpg
105.04.20 07:26 B F:\CD\Uaeproperty03-04-05\Mobiles\Images\Models\Thumb\m_nokia_7280.jpg --> uaeproperty.com /uaeproperty_main/uaeproperty.com/www/Mobiles/Images/Models/Thumb m_nokia_7280.jpg
105.04.20 07:26 B F:\CD\Uaeproperty03-04-05\Mobiles\Images\Models\Thumb\m_nokia_7610.jpg --> uaeproperty.com /uaeproperty_main/uaeproperty.com/www/Mobiles/Images/Models/Thumb m_nokia_7610.jpg
105.04.20 07:26 B F:\CD\Uaeproperty03-04-05\Mobiles\Images\Models\Thumb\m_nokia_7710.jpg --> uaeproperty.com /uaeproperty_main/uaeproperty.com/www/Mobiles/Images/Models/Thumb m_nokia_7710.jpg
105.04.20 07:26 B F:\CD\Uaeproperty03-04-05\Mobiles\Images\Models\Thumb\m_nokia_9300.jpg --> uaeproperty.com /uaeproperty_main/uaeproperty.com/www/Mobiles/Images/Models/Thumb m_nokia_9300.jpg
105.04.20 07:26 B F:\CD\Uaeproperty03-04-05\Mobiles\Images\Models\Thumb\m_nokia_9500.jpg --> uaeproperty.com /uaeproperty_main/uaeproperty.com/www/Mobiles/Images/Models/Thumb m_nokia_9500.jpg
105.04.20 07:26 B F:\CD\Uaeproperty03-04-05\Mobiles\Images\Models\Thumb\m_O2_X1i.jpg --> uaeproperty.com /uaeproperty_main/uaeproperty.com/www/Mobiles/Images/Models/Thumb m_O2_X1i.jpg
105.04.20 07:26 B F:\CD\Uaeproperty03-04-05\Mobiles\Images\Models\Thumb\m_O2_X2.jpg --> uaeproperty.com /uaeproperty_main/uaeproperty.com/www/Mobiles/Images/Models/Thumb m_O2_X2.jpg
105.04.20 07:26 B F:\CD\Uaeproperty03-04-05\Mobiles\Images\Models\Thumb\m_O2_XDA.jpg --> uaeproperty.com /uaeproperty_main/uaeproperty.com/www/Mobiles/Images/Models/Thumb m_O2_XDA.jpg
105.04.20 07:26 B F:\CD\Uaeproperty03-04-05\Mobiles\Images\Models\Thumb\m_O2_XDA_II.jpg --> uaeproperty.com /uaeproperty_main/uaeproperty.com/www/Mobiles/Images/Models/Thumb m_O2_XDA_II.jpg
105.04.20 07:26 B F:\CD\Uaeproperty03-04-05\Mobiles\Images\Models\Thumb\m_O2_XDAII.jpg --> uaeproperty.com /uaeproperty_main/uaeproperty.com/www/Mobiles/Images/Models/Thumb m_O2_XDAII.jpg
105.04.20 07:26 B F:\CD\Uaeproperty03-04-05\Mobiles\Images\Models\Thumb\m_O2_Xphone.jpg --> uaeproperty.com /uaeproperty_main/uaeproperty.com/www/Mobiles/Images/Models/Thumb m_O2_Xphone.jpg
105.04.20 07:26 B F:\CD\Uaeproperty03-04-05\Mobiles\Images\Models\Thumb\m_O2_XphoneII.jpg --> uaeproperty.com /uaeproperty_main/uaeproperty.com/www/Mobiles/Images/Models/Thumb m_O2_XphoneII.jpg
105.04.20 07:26 B F:\CD\Uaeproperty03-04-05\Mobiles\Images\Models\Thumb\m_se_k300.jpg --> uaeproperty.com /uaeproperty_main/uaeproperty.com/www/Mobiles/Images/Models/Thumb m_se_k300.jpg
105.04.20 07:26 B F:\CD\Uaeproperty03-04-05\Mobiles\Images\Models\Thumb\m_se_k600.jpg --> uaeproperty.com /uaeproperty_main/uaeproperty.com/www/Mobiles/Images/Models/Thumb m_se_k600.jpg
105.04.20 07:26 B F:\CD\Uaeproperty03-04-05\Mobiles\Images\Models\Thumb\m_se_K750.jpg --> uaeproperty.com /uaeproperty_main/uaeproperty.com/www/Mobiles/Images/Models/Thumb m_se_K750.jpg
105.04.20 07:26 B F:\CD\Uaeproperty03-04-05\Mobiles\Images\Models\Thumb\m_se_w800.jpg --> uaeproperty.com /uaeproperty_main/uaeproperty.com/www/Mobiles/Images/Models/Thumb m_se_w800.jpg
105.04.20 07:26 B F:\CD\Uaeproperty03-04-05\Mobiles\Images\Models\Thumb\m_se_z800.jpg --> uaeproperty.com /uaeproperty_main/uaeproperty.com/www/Mobiles/Images/Models/Thumb m_se_z800.jpg
105.04.20 07:26 B F:\CD\Uaeproperty03-04-05\Mobiles\Images\Models\Thumb\m_Siemens-CF75.jpg --> uaeproperty.com /uaeproperty_main/uaeproperty.com/www/Mobiles/Images/Models/Thumb m_Siemens-CF75.jpg
105.04.20 07:27 B F:\CD\Uaeproperty03-04-05\Mobiles\Images\Models\Thumb\m_siemens_A51.jpg --> uaeproperty.com /uaeproperty_main/uaeproperty.com/www/Mobiles/Images/Models/Thumb m_siemens_A51.jpg
105.04.20 07:27 B F:\CD\Uaeproperty03-04-05\Mobiles\Images\Models\Thumb\m_siemens_A62.jpg --> uaeproperty.com /uaeproperty_main/uaeproperty.com/www/Mobiles/Images/Models/Thumb m_siemens_A62.jpg
105.04.20 07:27 B F:\CD\Uaeproperty03-04-05\Mobiles\Images\Models\Thumb\m_siemens_A65.jpg --> uaeproperty.com /uaeproperty_main/uaeproperty.com/www/Mobiles/Images/Models/Thumb m_siemens_A65.jpg
105.04.20 07:27 B F:\CD\Uaeproperty03-04-05\Mobiles\Images\Models\Thumb\m_Siemens_A70.jpg --> uaeproperty.com /uaeproperty_main/uaeproperty.com/www/Mobiles/Images/Models/Thumb m_Siemens_A70.jpg
105.04.20 07:27 B F:\CD\Uaeproperty03-04-05\Mobiles\Images\Models\Thumb\m_Siemens_A75.jpg --> uaeproperty.com /uaeproperty_main/uaeproperty.com/www/Mobiles/Images/Models/Thumb m_Siemens_A75.jpg
105.04.20 07:27 B F:\CD\Uaeproperty03-04-05\Mobiles\Images\Models\Thumb\m_Siemens_AX75.jpg --> uaeproperty.com /uaeproperty_main/uaeproperty.com/www/Mobiles/Images/Models/Thumb m_Siemens_AX75.jpg
105.04.20 07:27 B F:\CD\Uaeproperty03-04-05\Mobiles\Images\Models\Thumb\m_siemens_CTX65.jpg --> uaeproperty.com /uaeproperty_main/uaeproperty.com/www/Mobiles/Images/Models/Thumb m_siemens_CTX65.jpg
105.04.20 07:27 B F:\CD\Uaeproperty03-04-05\Mobiles\Images\Models\Thumb\m_siemens_cx70.jpg --> uaeproperty.com /uaeproperty_main/uaeproperty.com/www/Mobiles/Images/Models/Thumb m_siemens_cx70.jpg
105.04.20 07:27 B F:\CD\Uaeproperty03-04-05\Mobiles\Images\Models\Thumb\m_siemens_cx70emoty.jpg --> uaeproperty.com /uaeproperty_main/uaeproperty.com/www/Mobiles/Images/Models/Thumb m_siemens_cx70emoty.jpg
105.04.20 07:27 B F:\CD\Uaeproperty03-04-05\Mobiles\Images\Models\Thumb\m_siemens_sf65.jpg --> uaeproperty.com /uaeproperty_main/uaeproperty.com/www/Mobiles/Images/Models/Thumb m_siemens_sf65.jpg
105.04.20 07:27 B F:\CD\Uaeproperty03-04-05\Mobiles\Images\Models\Thumb\m_siemens_sk65.jpg --> uaeproperty.com /uaeproperty_main/uaeproperty.com/www/Mobiles/Images/Models/Thumb m_siemens_sk65.jpg
105.04.20 07:27 B F:\CD\Uaeproperty03-04-05\Mobiles\Images\Models\Thumb\m_siemens_sx66.jpg --> uaeproperty.com /uaeproperty_main/uaeproperty.com/www/Mobiles/Images/Models/Thumb m_siemens_sx66.jpg
