102.04.26 12:47 B E:\binnyback\projects\ireuae-03-04-05\Portal\Images\Logo\arte.gif --> ireuae.com /Portal/Images/Logo arte.gif
102.04.26 12:47 B E:\binnyback\projects\ireuae-03-04-05\Portal\Images\Logo\cellucom.gif --> ireuae.com /Portal/Images/Logo cellucom.gif
102.04.26 12:47 B E:\binnyback\projects\ireuae-03-04-05\Portal\Images\Logo\fti.gif --> ireuae.com /Portal/Images/Logo fti.gif
102.04.26 12:47 B E:\binnyback\projects\ireuae-03-04-05\Portal\Images\Logo\m_6btn_submit.jpg --> ireuae.com /Portal/Images/Logo m_6btn_submit.jpg
102.04.26 12:47 B E:\binnyback\projects\ireuae-03-04-05\Portal\Images\Logo\m_6footerbg.jpg --> ireuae.com /Portal/Images/Logo m_6footerbg.jpg
102.04.26 12:48 B E:\binnyback\projects\ireuae-03-04-05\Portal\Images\Logo\online.gif --> ireuae.com /Portal/Images/Logo online.gif
102.04.26 12:48 B E:\binnyback\projects\ireuae-03-04-05\Portal\Images\Logo\Thumbs.db --> ireuae.com /Portal/Images/Logo Thumbs.db
102.05.03 16:29 B E:\binnyback\projects\ireuae-03-04-05\Portal\Images\Logo\arte.gif --> ftp.phonetrade.cc /phonetrade/phonetrade.cc/www/images/Logo arte.gif
102.05.03 16:29 B E:\binnyback\projects\ireuae-03-04-05\Portal\Images\Logo\cellucom.gif --> ftp.phonetrade.cc /phonetrade/phonetrade.cc/www/images/Logo cellucom.gif
102.05.03 16:29 B E:\binnyback\projects\ireuae-03-04-05\Portal\Images\Logo\fti.gif --> ftp.phonetrade.cc /phonetrade/phonetrade.cc/www/images/Logo fti.gif
102.05.03 16:29 B E:\binnyback\projects\ireuae-03-04-05\Portal\Images\Logo\m_1cellucom.gif --> ftp.phonetrade.cc /phonetrade/phonetrade.cc/www/images/Logo m_1cellucom.gif
102.05.03 16:29 B E:\binnyback\projects\ireuae-03-04-05\Portal\Images\Logo\m_2online.gif --> ftp.phonetrade.cc /phonetrade/phonetrade.cc/www/images/Logo m_2online.gif
102.05.03 16:29 B E:\binnyback\projects\ireuae-03-04-05\Portal\Images\Logo\m_4arte.gif --> ftp.phonetrade.cc /phonetrade/phonetrade.cc/www/images/Logo m_4arte.gif
102.05.03 16:29 B E:\binnyback\projects\ireuae-03-04-05\Portal\Images\Logo\m_5online.gif --> ftp.phonetrade.cc /phonetrade/phonetrade.cc/www/images/Logo m_5online.gif
102.05.03 16:29 B E:\binnyback\projects\ireuae-03-04-05\Portal\Images\Logo\m_6btn_submit.jpg --> ftp.phonetrade.cc /phonetrade/phonetrade.cc/www/images/Logo m_6btn_submit.jpg
102.05.03 16:29 B E:\binnyback\projects\ireuae-03-04-05\Portal\Images\Logo\m_6footerbg.jpg --> ftp.phonetrade.cc /phonetrade/phonetrade.cc/www/images/Logo m_6footerbg.jpg
102.05.03 16:29 B E:\binnyback\projects\ireuae-03-04-05\Portal\Images\Logo\online.gif --> ftp.phonetrade.cc /phonetrade/phonetrade.cc/www/images/Logo online.gif
102.05.03 16:29 B E:\binnyback\projects\ireuae-03-04-05\Portal\Images\Logo\Thumbs.db --> ftp.phonetrade.cc /phonetrade/phonetrade.cc/www/images/Logo Thumbs.db
102.05.03 16:29 B E:\binnyback\projects\ireuae-03-04-05\Portal\Images\Logo\WS_FTP.LOG --> ftp.phonetrade.cc /phonetrade/phonetrade.cc/www/images/Logo WS_FTP.LOG
102.05.24 12:02 B E:\binnyback\projects\phonetrade\images\Logo\arte.gif --> ftp.phonetrade.cc /phonetrade/phonetrade.cc/www/layout/images/Logo arte.gif
102.05.24 12:02 B E:\binnyback\projects\phonetrade\images\Logo\cellucom.gif --> ftp.phonetrade.cc /phonetrade/phonetrade.cc/www/layout/images/Logo cellucom.gif
102.05.24 12:02 B E:\binnyback\projects\phonetrade\images\Logo\fti.gif --> ftp.phonetrade.cc /phonetrade/phonetrade.cc/www/layout/images/Logo fti.gif
102.05.24 12:02 B E:\binnyback\projects\phonetrade\images\Logo\m_1cellucom.gif --> ftp.phonetrade.cc /phonetrade/phonetrade.cc/www/layout/images/Logo m_1cellucom.gif
102.05.24 12:02 B E:\binnyback\projects\phonetrade\images\Logo\m_2online.gif --> ftp.phonetrade.cc /phonetrade/phonetrade.cc/www/layout/images/Logo m_2online.gif
102.05.24 12:02 B E:\binnyback\projects\phonetrade\images\Logo\m_4arte.gif --> ftp.phonetrade.cc /phonetrade/phonetrade.cc/www/layout/images/Logo m_4arte.gif
102.05.24 12:02 B E:\binnyback\projects\phonetrade\images\Logo\m_5online.gif --> ftp.phonetrade.cc /phonetrade/phonetrade.cc/www/layout/images/Logo m_5online.gif
102.05.24 12:03 B E:\binnyback\projects\phonetrade\images\Logo\m_6btn_submit.jpg --> ftp.phonetrade.cc /phonetrade/phonetrade.cc/www/layout/images/Logo m_6btn_submit.jpg
102.05.24 12:03 B E:\binnyback\projects\phonetrade\images\Logo\m_6footerbg.jpg --> ftp.phonetrade.cc /phonetrade/phonetrade.cc/www/layout/images/Logo m_6footerbg.jpg
102.05.24 12:03 B E:\binnyback\projects\phonetrade\images\Logo\online.gif --> ftp.phonetrade.cc /phonetrade/phonetrade.cc/www/layout/images/Logo online.gif
102.05.24 12:03 B E:\binnyback\projects\phonetrade\images\Logo\Thumbs.db --> ftp.phonetrade.cc /phonetrade/phonetrade.cc/www/layout/images/Logo Thumbs.db
